Measuring 10 trips -> /root/.openclaw/workspace/scripts/dispatch_v2/eod_drafts/2026-05-14/tomtom_poc/results_2026-05-14.jsonl (append)
  [1/10] OK stub-01 bucket=shoulder delta_static=1.31min
  [2/10] OK stub-02 bucket=shoulder delta_static=1.0min
  [3/10] OK stub-03 bucket=shoulder delta_static=2.8min
  [4/10] OK stub-04 bucket=shoulder delta_static=1.23min
  [5/10] OK stub-05 bucket=shoulder delta_static=1.26min
  [6/10] ERR stub-06 bucket=shoulder delta_static=?min
  [7/10] ERR stub-07 bucket=shoulder delta_static=?min
  [8/10] ERR stub-08 bucket=shoulder delta_static=?min
  [9/10] OK stub-09 bucket=shoulder delta_static=1.8min
  [10/10] OK stub-10 bucket=shoulder delta_static=1.64min
DONE -> /root/.openclaw/workspace/scripts/dispatch_v2/eod_drafts/2026-05-14/tomtom_poc/results_2026-05-14.jsonl
Measuring 10 trips -> /root/.openclaw/workspace/scripts/dispatch_v2/eod_drafts/2026-05-14/tomtom_poc/results_2026-05-14.jsonl (append)
  [1/10] OK stub-01 bucket=shoulder delta_static=1.38min
  [2/10] OK stub-02 bucket=shoulder delta_static=1.02min
  [3/10] OK stub-03 bucket=shoulder delta_static=2.78min
  [4/10] OK stub-04 bucket=shoulder delta_static=1.31min
  [5/10] OK stub-05 bucket=shoulder delta_static=1.44min
  [6/10] ERR stub-06 bucket=shoulder delta_static=?min
  [7/10] ERR stub-07 bucket=shoulder delta_static=?min
  [8/10] OK stub-08 bucket=shoulder delta_static=2.71min
  [9/10] OK stub-09 bucket=shoulder delta_static=1.72min
  [10/10] ERR stub-10 bucket=shoulder delta_static=?min
DONE -> /root/.openclaw/workspace/scripts/dispatch_v2/eod_drafts/2026-05-14/tomtom_poc/results_2026-05-14.jsonl
Measuring 10 trips -> /root/.openclaw/workspace/scripts/dispatch_v2/eod_drafts/2026-05-14/tomtom_poc/results_2026-05-14.jsonl (append)
  [1/10] OK stub-01 bucket=shoulder delta_static=1.61min
  [2/10] OK stub-02 bucket=shoulder delta_static=1.05min
  [3/10] OK stub-03 bucket=shoulder delta_static=2.91min
  [4/10] OK stub-04 bucket=shoulder delta_static=1.51min
  [5/10] OK stub-05 bucket=shoulder delta_static=1.49min
  [6/10] ERR stub-06 bucket=shoulder delta_static=?min
  [7/10] ERR stub-07 bucket=shoulder delta_static=?min
  [8/10] OK stub-08 bucket=shoulder delta_static=2.96min
  [9/10] OK stub-09 bucket=shoulder delta_static=1.79min
  [10/10] OK stub-10 bucket=shoulder delta_static=1.92min
DONE -> /root/.openclaw/workspace/scripts/dispatch_v2/eod_drafts/2026-05-14/tomtom_poc/results_2026-05-14.jsonl
Measuring 10 trips -> /root/.openclaw/workspace/scripts/dispatch_v2/eod_drafts/2026-05-14/tomtom_poc/results_2026-05-14.jsonl (append)
  [1/10] OK stub-01 bucket=peak delta_static=1.77min
  [2/10] OK stub-02 bucket=peak delta_static=0.24min
  [3/10] OK stub-03 bucket=peak delta_static=1.54min
  [4/10] OK stub-04 bucket=peak delta_static=0.2min
  [5/10] OK stub-05 bucket=peak delta_static=0.66min
  [6/10] ERR stub-06 bucket=peak delta_static=?min
  [7/10] ERR stub-07 bucket=peak delta_static=?min
  [8/10] OK stub-08 bucket=peak delta_static=3.32min
  [9/10] OK stub-09 bucket=peak delta_static=1.49min
  [10/10] OK stub-10 bucket=peak delta_static=1.77min
DONE -> /root/.openclaw/workspace/scripts/dispatch_v2/eod_drafts/2026-05-14/tomtom_poc/results_2026-05-14.jsonl
Measuring 10 trips -> /root/.openclaw/workspace/scripts/dispatch_v2/eod_drafts/2026-05-14/tomtom_poc/results_2026-05-14.jsonl (append)
  [1/10] OK stub-01 bucket=peak delta_static=3.26min
  [2/10] OK stub-02 bucket=peak delta_static=0.93min
  [3/10] OK stub-03 bucket=peak delta_static=4.8min
  [4/10] OK stub-04 bucket=peak delta_static=1.75min
  [5/10] OK stub-05 bucket=peak delta_static=3.04min
  [6/10] ERR stub-06 bucket=peak delta_static=?min
  [7/10] ERR stub-07 bucket=peak delta_static=?min
  [8/10] OK stub-08 bucket=peak delta_static=5.94min
  [9/10] OK stub-09 bucket=peak delta_static=2.32min
  [10/10] OK stub-10 bucket=peak delta_static=3.64min
DONE -> /root/.openclaw/workspace/scripts/dispatch_v2/eod_drafts/2026-05-14/tomtom_poc/results_2026-05-14.jsonl
Measuring 10 trips -> /root/.openclaw/workspace/scripts/dispatch_v2/eod_drafts/2026-05-14/tomtom_poc/results_2026-05-14.jsonl (append)
  [1/10] OK stub-01 bucket=peak delta_static=2.13min
  [2/10] OK stub-02 bucket=peak delta_static=1.05min
  [3/10] OK stub-03 bucket=peak delta_static=3.85min
  [4/10] OK stub-04 bucket=peak delta_static=1.91min
  [5/10] OK stub-05 bucket=peak delta_static=2.06min
  [6/10] OK stub-06 bucket=peak delta_static=2.79min
  [7/10] OK stub-07 bucket=peak delta_static=2.91min
  [8/10] OK stub-08 bucket=peak delta_static=3.64min
  [9/10] OK stub-09 bucket=peak delta_static=2.0min
  [10/10] ERR stub-10 bucket=peak delta_static=?min
DONE -> /root/.openclaw/workspace/scripts/dispatch_v2/eod_drafts/2026-05-14/tomtom_poc/results_2026-05-14.jsonl
Measuring 10 trips -> /root/.openclaw/workspace/scripts/dispatch_v2/eod_drafts/2026-05-14/tomtom_poc/results_2026-05-14.jsonl (append)
  [1/10] OK stub-01 bucket=shoulder delta_static=1.33min
  [2/10] OK stub-02 bucket=shoulder delta_static=0.78min
  [3/10] OK stub-03 bucket=shoulder delta_static=2.93min
  [4/10] OK stub-04 bucket=shoulder delta_static=1.89min
  [5/10] OK stub-05 bucket=shoulder delta_static=1.38min
  [6/10] ERR stub-06 bucket=shoulder delta_static=?min
  [7/10] OK stub-07 bucket=shoulder delta_static=2.61min
  [8/10] OK stub-08 bucket=shoulder delta_static=2.52min
  [9/10] OK stub-09 bucket=shoulder delta_static=1.8min
  [10/10] OK stub-10 bucket=shoulder delta_static=1.59min
DONE -> /root/.openclaw/workspace/scripts/dispatch_v2/eod_drafts/2026-05-14/tomtom_poc/results_2026-05-14.jsonl
Measuring 10 trips -> /root/.openclaw/workspace/scripts/dispatch_v2/eod_drafts/2026-05-14/tomtom_poc/results_2026-05-14.jsonl (append)
  [1/10] OK stub-01 bucket=shoulder delta_static=0.94min
  [2/10] OK stub-02 bucket=shoulder delta_static=0.79min
  [3/10] OK stub-03 bucket=shoulder delta_static=2.57min
  [4/10] OK stub-04 bucket=shoulder delta_static=1.31min
  [5/10] OK stub-05 bucket=shoulder delta_static=1.14min
  [6/10] OK stub-06 bucket=shoulder delta_static=1.95min
  [7/10] OK stub-07 bucket=shoulder delta_static=1.44min
  [8/10] OK stub-08 bucket=shoulder delta_static=1.85min
  [9/10] ERR stub-09 bucket=shoulder delta_static=?min
  [10/10] ERR stub-10 bucket=shoulder delta_static=?min
DONE -> /root/.openclaw/workspace/scripts/dispatch_v2/eod_drafts/2026-05-14/tomtom_poc/results_2026-05-14.jsonl
Source: /root/.openclaw/workspace/scripts/dispatch_v2/eod_drafts/2026-05-14/tomtom_poc/results_2026-05-14.jsonl
Total: 80 | Success: 64

bucket       n  |d_stat| med  |d_stat| p95  d_free med  tt_ovh med  lat_tt p95  lat_osrm p95
--------------------------------------------------------------------------------------------
peak        25          2.06           4.8        3.65        2.68         289            51
shoulder    39          1.59          2.93        2.37        2.03         251            45

GATE A criteria: peak |d_stat| median >= 2.0 AND lat_tomtom p95 <= 400 -> PROCEED Phase 1
