solo tropy (non-czasowka, 5-60min): 454
tier-2 korekta nondrive_in_window (min) per bucket: peak=3.0, shoulder=3.9, offpeak=3.0
pominiete (brak wsp.): {'no_restaurant_coords': 45, 'no_delivery_coords': 11}
jakosc GPS: {'good': 64, 'sparse': 12, 'insufficient': 322}
zapisano 398 tropow -> /root/.openclaw/workspace/scripts/dispatch_v2/eod_drafts/2026-05-14/tomtom_poc/trips_realworld.jsonl
  tier-1 (GPS pure_drive): 64   tier-2 (sla-korekta): 334

--- ground truth per bucket ---
  peak      n=  81 (tier-1= 13)  ground_truth_drive med=8.8min
  shoulder  n= 277 (tier-1= 44)  ground_truth_drive med=8.9min
  offpeak   n=  40 (tier-1=  7)  ground_truth_drive med=8.1min

--- byproduct: dwelle z tropow tier-1 (kalibracja DWELL_*) ---
  peak      dwell_restauracja med=2.7min (n=11)  dwell_klient med=2.7min (n=13)
  shoulder  dwell_restauracja med=3.8min (n=37)  dwell_klient med=4.2min (n=44)
  offpeak   dwell_restauracja med=2.7min (n=5)  dwell_klient med=3.9min (n=7)
solo tropy (non-czasowka, 5-60min): 490
tier-2 korekta nondrive_in_window (min) per bucket: peak=3.3, shoulder=3.9, offpeak=3.0
pominiete (brak wsp.): {'no_restaurant_coords': 49, 'no_delivery_coords': 12}
jakosc GPS: {'good': 67, 'sparse': 15, 'insufficient': 347}
zapisano 429 tropow -> /root/.openclaw/workspace/scripts/dispatch_v2/eod_drafts/2026-05-14/tomtom_poc/trips_realworld.jsonl
  tier-1 (GPS pure_drive): 67   tier-2 (sla-korekta): 362

--- ground truth per bucket ---
  peak      n=  88 (tier-1= 15)  ground_truth_drive med=8.6min
  shoulder  n= 299 (tier-1= 45)  ground_truth_drive med=8.9min
  offpeak   n=  42 (tier-1=  7)  ground_truth_drive med=8.3min

--- byproduct: dwelle z tropow tier-1 (kalibracja DWELL_*) ---
  peak      dwell_restauracja med=3.6min (n=13)  dwell_klient med=3.4min (n=15)
  shoulder  dwell_restauracja med=3.8min (n=38)  dwell_klient med=4.2min (n=45)
  offpeak   dwell_restauracja med=2.7min (n=5)  dwell_klient med=3.9min (n=7)
solo tropy (non-czasowka, 5-60min): 534
tier-2 korekta nondrive_in_window (min) per bucket: peak=3.3, shoulder=3.9, offpeak=3.0
pominiete (brak wsp.): {'no_restaurant_coords': 54, 'no_delivery_coords': 13}
jakosc GPS: {'good': 67, 'sparse': 15, 'insufficient': 385}
zapisano 467 tropow -> /root/.openclaw/workspace/scripts/dispatch_v2/eod_drafts/2026-05-14/tomtom_poc/trips_realworld.jsonl
  tier-1 (GPS pure_drive): 67   tier-2 (sla-korekta): 400

--- ground truth per bucket ---
  peak      n=  94 (tier-1= 15)  ground_truth_drive med=8.6min
  shoulder  n= 330 (tier-1= 45)  ground_truth_drive med=8.7min
  offpeak   n=  43 (tier-1=  7)  ground_truth_drive med=8.3min

--- byproduct: dwelle z tropow tier-1 (kalibracja DWELL_*) ---
  peak      dwell_restauracja med=3.6min (n=13)  dwell_klient med=3.4min (n=15)
  shoulder  dwell_restauracja med=3.8min (n=38)  dwell_klient med=4.2min (n=45)
  offpeak   dwell_restauracja med=2.7min (n=5)  dwell_klient med=3.9min (n=7)
solo tropy (non-czasowka, 5-60min): 589
tier-2 korekta nondrive_in_window (min) per bucket: peak=3.3, shoulder=3.9, offpeak=3.0
pominiete (brak wsp.): {'no_restaurant_coords': 62, 'no_delivery_coords': 13}
jakosc GPS: {'good': 70, 'sparse': 16, 'insufficient': 428}
zapisano 514 tropow -> /root/.openclaw/workspace/scripts/dispatch_v2/eod_drafts/2026-05-14/tomtom_poc/trips_realworld.jsonl
  tier-1 (GPS pure_drive): 70   tier-2 (sla-korekta): 444

--- ground truth per bucket ---
  peak      n=  99 (tier-1= 15)  ground_truth_drive med=8.6min
  shoulder  n= 369 (tier-1= 48)  ground_truth_drive med=8.7min
  offpeak   n=  46 (tier-1=  7)  ground_truth_drive med=8.6min

--- byproduct: dwelle z tropow tier-1 (kalibracja DWELL_*) ---
  peak      dwell_restauracja med=3.6min (n=13)  dwell_klient med=3.4min (n=15)
  shoulder  dwell_restauracja med=3.9min (n=41)  dwell_klient med=4.2min (n=48)
  offpeak   dwell_restauracja med=2.7min (n=5)  dwell_klient med=3.9min (n=7)
solo tropy (non-czasowka, 5-60min): 656
tier-2 korekta nondrive_in_window (min) per bucket: peak=3.0, shoulder=3.9, offpeak=3.0
pominiete (brak wsp.): {'no_restaurant_coords': 67, 'no_delivery_coords': 16}
jakosc GPS: {'good': 76, 'sparse': 18, 'insufficient': 479}
zapisano 573 tropow -> /root/.openclaw/workspace/scripts/dispatch_v2/eod_drafts/2026-05-14/tomtom_poc/trips_realworld.jsonl
  tier-1 (GPS pure_drive): 76   tier-2 (sla-korekta): 497

--- ground truth per bucket ---
  peak      n= 118 (tier-1= 17)  ground_truth_drive med=8.8min
  shoulder  n= 406 (tier-1= 52)  ground_truth_drive med=8.7min
  offpeak   n=  49 (tier-1=  7)  ground_truth_drive med=8.5min

--- byproduct: dwelle z tropow tier-1 (kalibracja DWELL_*) ---
  peak      dwell_restauracja med=3.5min (n=14)  dwell_klient med=3.4min (n=17)
  shoulder  dwell_restauracja med=4.0min (n=44)  dwell_klient med=4.2min (n=52)
  offpeak   dwell_restauracja med=2.7min (n=5)  dwell_klient med=3.9min (n=7)
solo tropy (non-czasowka, 5-60min): 705
tier-2 korekta nondrive_in_window (min) per bucket: peak=3.1, shoulder=3.9, offpeak=3.0
pominiete (brak wsp.): {'no_restaurant_coords': 56, 'no_delivery_coords': 18}
jakosc GPS: {'good': 82, 'sparse': 19, 'insufficient': 530}
zapisano 631 tropow -> /root/.openclaw/workspace/scripts/dispatch_v2/eod_drafts/2026-05-14/tomtom_poc/trips_realworld.jsonl
  tier-1 (GPS pure_drive): 82   tier-2 (sla-korekta): 549

--- ground truth per bucket ---
  peak      n= 135 (tier-1= 18)  ground_truth_drive med=8.7min
  shoulder  n= 444 (tier-1= 57)  ground_truth_drive med=8.7min
  offpeak   n=  52 (tier-1=  7)  ground_truth_drive med=8.7min

--- byproduct: dwelle z tropow tier-1 (kalibracja DWELL_*) ---
  peak      dwell_restauracja med=3.4min (n=15)  dwell_klient med=3.5min (n=18)
  shoulder  dwell_restauracja med=4.1min (n=49)  dwell_klient med=4.2min (n=57)
  offpeak   dwell_restauracja med=2.7min (n=5)  dwell_klient med=3.9min (n=7)
solo tropy (non-czasowka, 5-60min): 771
tier-2 korekta nondrive_in_window (min) per bucket: peak=3.1, shoulder=3.9, offpeak=2.8
pominiete (brak wsp.): {'no_restaurant_coords': 63, 'no_delivery_coords': 21}
jakosc GPS: {'good': 94, 'sparse': 20, 'insufficient': 573}
zapisano 687 tropow -> /root/.openclaw/workspace/scripts/dispatch_v2/eod_drafts/2026-05-14/tomtom_poc/trips_realworld.jsonl
  tier-1 (GPS pure_drive): 94   tier-2 (sla-korekta): 593

--- ground truth per bucket ---
  peak      n= 142 (tier-1= 20)  ground_truth_drive med=8.8min
  shoulder  n= 489 (tier-1= 65)  ground_truth_drive med=8.7min
  offpeak   n=  56 (tier-1=  9)  ground_truth_drive med=8.9min

--- byproduct: dwelle z tropow tier-1 (kalibracja DWELL_*) ---
  peak      dwell_restauracja med=3.4min (n=17)  dwell_klient med=3.5min (n=20)
  shoulder  dwell_restauracja med=4.2min (n=55)  dwell_klient med=4.2min (n=65)
  offpeak   dwell_restauracja med=4.2min (n=7)  dwell_klient med=3.9min (n=9)
solo tropy (non-czasowka, 5-60min): 838
tier-2 korekta nondrive_in_window (min) per bucket: peak=3.2, shoulder=4.0, offpeak=2.8
pominiete (brak wsp.): {'no_restaurant_coords': 65, 'no_delivery_coords': 26}
jakosc GPS: {'good': 100, 'sparse': 21, 'insufficient': 626}
zapisano 747 tropow -> /root/.openclaw/workspace/scripts/dispatch_v2/eod_drafts/2026-05-14/tomtom_poc/trips_realworld.jsonl
  tier-1 (GPS pure_drive): 100   tier-2 (sla-korekta): 647

--- ground truth per bucket ---
  peak      n= 151 (tier-1= 22)  ground_truth_drive med=8.7min
  shoulder  n= 535 (tier-1= 69)  ground_truth_drive med=8.6min
  offpeak   n=  61 (tier-1=  9)  ground_truth_drive med=8.7min

--- byproduct: dwelle z tropow tier-1 (kalibracja DWELL_*) ---
  peak      dwell_restauracja med=3.4min (n=19)  dwell_klient med=3.7min (n=22)
  shoulder  dwell_restauracja med=4.6min (n=59)  dwell_klient med=4.2min (n=69)
  offpeak   dwell_restauracja med=4.2min (n=7)  dwell_klient med=3.9min (n=9)
solo tropy (non-czasowka, 5-60min): 902
tier-2 korekta nondrive_in_window (min) per bucket: peak=3.1, shoulder=3.9, offpeak=2.8
pominiete (brak wsp.): {'no_restaurant_coords': 66, 'no_delivery_coords': 30}
jakosc GPS: {'good': 105, 'sparse': 21, 'insufficient': 680}
zapisano 806 tropow -> /root/.openclaw/workspace/scripts/dispatch_v2/eod_drafts/2026-05-14/tomtom_poc/trips_realworld.jsonl
  tier-1 (GPS pure_drive): 105   tier-2 (sla-korekta): 701

--- ground truth per bucket ---
  peak      n= 163 (tier-1= 23)  ground_truth_drive med=8.8min
  shoulder  n= 577 (tier-1= 73)  ground_truth_drive med=8.7min
  offpeak   n=  66 (tier-1=  9)  ground_truth_drive med=8.6min

--- byproduct: dwelle z tropow tier-1 (kalibracja DWELL_*) ---
  peak      dwell_restauracja med=3.5min (n=20)  dwell_klient med=3.6min (n=23)
  shoulder  dwell_restauracja med=4.2min (n=61)  dwell_klient med=4.2min (n=73)
  offpeak   dwell_restauracja med=4.2min (n=7)  dwell_klient med=3.9min (n=9)
solo tropy (non-czasowka, 5-60min): 961
tier-2 korekta nondrive_in_window (min) per bucket: peak=3.1, shoulder=3.9, offpeak=2.8
pominiete (brak wsp.): {'no_restaurant_coords': 69, 'no_delivery_coords': 31}
jakosc GPS: {'good': 107, 'sparse': 22, 'insufficient': 732}
zapisano 861 tropow -> /root/.openclaw/workspace/scripts/dispatch_v2/eod_drafts/2026-05-14/tomtom_poc/trips_realworld.jsonl
  tier-1 (GPS pure_drive): 107   tier-2 (sla-korekta): 754

--- ground truth per bucket ---
  peak      n= 178 (tier-1= 25)  ground_truth_drive med=8.9min
  shoulder  n= 617 (tier-1= 73)  ground_truth_drive med=8.7min
  offpeak   n=  66 (tier-1=  9)  ground_truth_drive med=8.6min

--- byproduct: dwelle z tropow tier-1 (kalibracja DWELL_*) ---
  peak      dwell_restauracja med=3.2min (n=22)  dwell_klient med=3.6min (n=25)
  shoulder  dwell_restauracja med=4.2min (n=60)  dwell_klient med=4.2min (n=73)
  offpeak   dwell_restauracja med=4.2min (n=7)  dwell_klient med=3.9min (n=9)
solo tropy (non-czasowka, 5-60min): 1007
tier-2 korekta nondrive_in_window (min) per bucket: peak=3.1, shoulder=3.9, offpeak=2.8
pominiete (brak wsp.): {'no_restaurant_coords': 75, 'no_delivery_coords': 32}
jakosc GPS: {'good': 107, 'sparse': 22, 'insufficient': 771}
zapisano 900 tropow -> /root/.openclaw/workspace/scripts/dispatch_v2/eod_drafts/2026-05-14/tomtom_poc/trips_realworld.jsonl
  tier-1 (GPS pure_drive): 107   tier-2 (sla-korekta): 793

--- ground truth per bucket ---
  peak      n= 185 (tier-1= 25)  ground_truth_drive med=8.8min
  shoulder  n= 647 (tier-1= 73)  ground_truth_drive med=8.7min
  offpeak   n=  68 (tier-1=  9)  ground_truth_drive med=8.4min

--- byproduct: dwelle z tropow tier-1 (kalibracja DWELL_*) ---
  peak      dwell_restauracja med=3.2min (n=22)  dwell_klient med=3.6min (n=25)
  shoulder  dwell_restauracja med=4.2min (n=60)  dwell_klient med=4.2min (n=73)
  offpeak   dwell_restauracja med=4.2min (n=7)  dwell_klient med=3.9min (n=9)
solo tropy (non-czasowka, 5-60min): 1072
tier-2 korekta nondrive_in_window (min) per bucket: peak=3.3, shoulder=3.8, offpeak=2.9
pominiete (brak wsp.): {'no_restaurant_coords': 77, 'no_delivery_coords': 34}
jakosc GPS: {'good': 115, 'sparse': 25, 'insufficient': 821}
zapisano 961 tropow -> /root/.openclaw/workspace/scripts/dispatch_v2/eod_drafts/2026-05-14/tomtom_poc/trips_realworld.jsonl
  tier-1 (GPS pure_drive): 115   tier-2 (sla-korekta): 846

--- ground truth per bucket ---
  peak      n= 195 (tier-1= 27)  ground_truth_drive med=8.5min
  shoulder  n= 694 (tier-1= 78)  ground_truth_drive med=8.8min
  offpeak   n=  72 (tier-1= 10)  ground_truth_drive med=8.3min

--- byproduct: dwelle z tropow tier-1 (kalibracja DWELL_*) ---
  peak      dwell_restauracja med=3.2min (n=24)  dwell_klient med=3.8min (n=27)
  shoulder  dwell_restauracja med=4.2min (n=65)  dwell_klient med=4.2min (n=78)
  offpeak   dwell_restauracja med=4.2min (n=8)  dwell_klient med=4.0min (n=10)
solo tropy (non-czasowka, 5-60min): 1128
tier-2 korekta nondrive_in_window (min) per bucket: peak=3.3, shoulder=3.7, offpeak=2.9
pominiete (brak wsp.): {'no_restaurant_coords': 80, 'no_delivery_coords': 36}
jakosc GPS: {'good': 128, 'sparse': 25, 'insufficient': 859}
zapisano 1012 tropow -> /root/.openclaw/workspace/scripts/dispatch_v2/eod_drafts/2026-05-14/tomtom_poc/trips_realworld.jsonl
  tier-1 (GPS pure_drive): 128   tier-2 (sla-korekta): 884

--- ground truth per bucket ---
  peak      n= 209 (tier-1= 30)  ground_truth_drive med=8.3min
  shoulder  n= 729 (tier-1= 88)  ground_truth_drive med=8.9min
  offpeak   n=  74 (tier-1= 10)  ground_truth_drive med=8.5min

--- byproduct: dwelle z tropow tier-1 (kalibracja DWELL_*) ---
  peak      dwell_restauracja med=3.2min (n=26)  dwell_klient med=3.9min (n=30)
  shoulder  dwell_restauracja med=4.2min (n=72)  dwell_klient med=4.2min (n=88)
  offpeak   dwell_restauracja med=4.2min (n=8)  dwell_klient med=4.0min (n=10)
solo tropy (non-czasowka, 5-60min): 1219
tier-2 korekta nondrive_in_window (min) per bucket: peak=3.4, shoulder=3.9, offpeak=2.9
pominiete (brak wsp.): {'no_restaurant_coords': 83, 'no_delivery_coords': 36}
jakosc GPS: {'good': 139, 'sparse': 28, 'insufficient': 933}
zapisano 1100 tropow -> /root/.openclaw/workspace/scripts/dispatch_v2/eod_drafts/2026-05-14/tomtom_poc/trips_realworld.jsonl
  tier-1 (GPS pure_drive): 139   tier-2 (sla-korekta): 961

--- ground truth per bucket ---
  peak      n= 230 (tier-1= 33)  ground_truth_drive med=8.3min
  shoulder  n= 784 (tier-1= 96)  ground_truth_drive med=8.8min
  offpeak   n=  86 (tier-1= 10)  ground_truth_drive med=8.2min

--- byproduct: dwelle z tropow tier-1 (kalibracja DWELL_*) ---
  peak      dwell_restauracja med=3.4min (n=29)  dwell_klient med=4.2min (n=33)
  shoulder  dwell_restauracja med=4.3min (n=79)  dwell_klient med=4.2min (n=96)
  offpeak   dwell_restauracja med=4.2min (n=8)  dwell_klient med=4.0min (n=10)
solo tropy (non-czasowka, 5-60min): 1279
tier-2 korekta nondrive_in_window (min) per bucket: peak=3.4, shoulder=3.9, offpeak=2.9
pominiete (brak wsp.): {'no_restaurant_coords': 83, 'no_delivery_coords': 38}
jakosc GPS: {'good': 145, 'sparse': 28, 'insufficient': 985}
zapisano 1158 tropow -> /root/.openclaw/workspace/scripts/dispatch_v2/eod_drafts/2026-05-14/tomtom_poc/trips_realworld.jsonl
  tier-1 (GPS pure_drive): 145   tier-2 (sla-korekta): 1013

--- ground truth per bucket ---
  peak      n= 236 (tier-1= 33)  ground_truth_drive med=8.2min
  shoulder  n= 831 (tier-1=102)  ground_truth_drive med=8.7min
  offpeak   n=  91 (tier-1= 10)  ground_truth_drive med=8.4min

--- byproduct: dwelle z tropow tier-1 (kalibracja DWELL_*) ---
  peak      dwell_restauracja med=3.4min (n=29)  dwell_klient med=4.2min (n=33)
  shoulder  dwell_restauracja med=5.0min (n=85)  dwell_klient med=4.2min (n=102)
  offpeak   dwell_restauracja med=4.2min (n=8)  dwell_klient med=4.0min (n=10)
solo tropy (non-czasowka, 5-60min): 1359
tier-2 korekta nondrive_in_window (min) per bucket: peak=3.4, shoulder=3.9, offpeak=2.9
pominiete (brak wsp.): {'no_restaurant_coords': 85, 'no_delivery_coords': 43}
jakosc GPS: {'good': 160, 'sparse': 28, 'insufficient': 1043}
zapisano 1231 tropow -> /root/.openclaw/workspace/scripts/dispatch_v2/eod_drafts/2026-05-14/tomtom_poc/trips_realworld.jsonl
  tier-1 (GPS pure_drive): 160   tier-2 (sla-korekta): 1071

--- ground truth per bucket ---
  peak      n= 252 (tier-1= 36)  ground_truth_drive med=8.2min
  shoulder  n= 888 (tier-1=114)  ground_truth_drive med=8.7min
  offpeak   n=  91 (tier-1= 10)  ground_truth_drive med=8.4min

--- byproduct: dwelle z tropow tier-1 (kalibracja DWELL_*) ---
  peak      dwell_restauracja med=3.8min (n=32)  dwell_klient med=4.2min (n=36)
  shoulder  dwell_restauracja med=5.0min (n=94)  dwell_klient med=4.2min (n=114)
  offpeak   dwell_restauracja med=4.2min (n=8)  dwell_klient med=4.0min (n=10)
solo tropy (non-czasowka, 5-60min): 1387
tier-2 korekta nondrive_in_window (min) per bucket: peak=3.4, shoulder=3.9, offpeak=2.9
pominiete (brak wsp.): {'no_restaurant_coords': 85, 'no_delivery_coords': 44}
jakosc GPS: {'good': 166, 'sparse': 28, 'insufficient': 1064}
zapisano 1258 tropow -> /root/.openclaw/workspace/scripts/dispatch_v2/eod_drafts/2026-05-14/tomtom_poc/trips_realworld.jsonl
  tier-1 (GPS pure_drive): 166   tier-2 (sla-korekta): 1092

--- ground truth per bucket ---
  peak      n= 257 (tier-1= 37)  ground_truth_drive med=8.2min
  shoulder  n= 910 (tier-1=119)  ground_truth_drive med=8.7min
  offpeak   n=  91 (tier-1= 10)  ground_truth_drive med=8.4min

--- byproduct: dwelle z tropow tier-1 (kalibracja DWELL_*) ---
  peak      dwell_restauracja med=3.6min (n=33)  dwell_klient med=4.2min (n=37)
  shoulder  dwell_restauracja med=4.9min (n=98)  dwell_klient med=4.2min (n=119)
  offpeak   dwell_restauracja med=4.2min (n=8)  dwell_klient med=4.0min (n=10)
solo tropy (non-czasowka, 5-60min): 1424
tier-2 korekta nondrive_in_window (min) per bucket: peak=3.5, shoulder=3.9, offpeak=2.9
pominiete (brak wsp.): {'no_restaurant_coords': 89, 'no_delivery_coords': 45}
jakosc GPS: {'good': 173, 'sparse': 29, 'insufficient': 1088}
zapisano 1290 tropow -> /root/.openclaw/workspace/scripts/dispatch_v2/eod_drafts/2026-05-14/tomtom_poc/trips_realworld.jsonl
  tier-1 (GPS pure_drive): 173   tier-2 (sla-korekta): 1117

--- ground truth per bucket ---
  peak      n= 264 (tier-1= 38)  ground_truth_drive med=8.1min
  shoulder  n= 931 (tier-1=123)  ground_truth_drive med=8.7min
  offpeak   n=  95 (tier-1= 12)  ground_truth_drive med=8.2min

--- byproduct: dwelle z tropow tier-1 (kalibracja DWELL_*) ---
  peak      dwell_restauracja med=3.5min (n=34)  dwell_klient med=4.2min (n=38)
  shoulder  dwell_restauracja med=4.8min (n=102)  dwell_klient med=4.2min (n=123)
  offpeak   dwell_restauracja med=4.2min (n=9)  dwell_klient med=4.0min (n=12)
solo tropy (non-czasowka, 5-60min): 1492
tier-2 korekta nondrive_in_window (min) per bucket: peak=3.5, shoulder=3.9, offpeak=2.9
pominiete (brak wsp.): {'no_restaurant_coords': 96, 'no_delivery_coords': 45}
jakosc GPS: {'good': 176, 'sparse': 30, 'insufficient': 1145}
zapisano 1351 tropow -> /root/.openclaw/workspace/scripts/dispatch_v2/eod_drafts/2026-05-14/tomtom_poc/trips_realworld.jsonl
  tier-1 (GPS pure_drive): 176   tier-2 (sla-korekta): 1175

--- ground truth per bucket ---
  peak      n= 273 (tier-1= 38)  ground_truth_drive med=8.3min
  shoulder  n= 980 (tier-1=126)  ground_truth_drive med=8.7min
  offpeak   n=  98 (tier-1= 12)  ground_truth_drive med=8.3min

--- byproduct: dwelle z tropow tier-1 (kalibracja DWELL_*) ---
  peak      dwell_restauracja med=3.5min (n=34)  dwell_klient med=4.2min (n=38)
  shoulder  dwell_restauracja med=4.9min (n=105)  dwell_klient med=4.2min (n=126)
  offpeak   dwell_restauracja med=4.2min (n=9)  dwell_klient med=4.0min (n=12)
solo tropy (non-czasowka, 5-60min): 1531
tier-2 korekta nondrive_in_window (min) per bucket: peak=3.5, shoulder=3.9, offpeak=2.9
pominiete (brak wsp.): {'no_restaurant_coords': 100, 'no_delivery_coords': 47}
jakosc GPS: {'good': 177, 'sparse': 30, 'insufficient': 1177}
zapisano 1384 tropow -> /root/.openclaw/workspace/scripts/dispatch_v2/eod_drafts/2026-05-14/tomtom_poc/trips_realworld.jsonl
  tier-1 (GPS pure_drive): 177   tier-2 (sla-korekta): 1207

--- ground truth per bucket ---
  peak      n= 283 (tier-1= 38)  ground_truth_drive med=8.2min
  shoulder  n= 998 (tier-1=127)  ground_truth_drive med=8.7min
  offpeak   n= 103 (tier-1= 12)  ground_truth_drive med=8.2min

--- byproduct: dwelle z tropow tier-1 (kalibracja DWELL_*) ---
  peak      dwell_restauracja med=3.5min (n=34)  dwell_klient med=4.2min (n=38)
  shoulder  dwell_restauracja med=5.0min (n=106)  dwell_klient med=4.2min (n=127)
  offpeak   dwell_restauracja med=4.2min (n=9)  dwell_klient med=4.0min (n=12)
solo tropy (non-czasowka, 5-60min): 1574
tier-2 korekta nondrive_in_window (min) per bucket: peak=3.5, shoulder=3.9, offpeak=3.0
pominiete (brak wsp.): {'no_restaurant_coords': 102, 'no_delivery_coords': 47}
jakosc GPS: {'good': 180, 'sparse': 32, 'insufficient': 1213}
zapisano 1425 tropow -> /root/.openclaw/workspace/scripts/dispatch_v2/eod_drafts/2026-05-14/tomtom_poc/trips_realworld.jsonl
  tier-1 (GPS pure_drive): 180   tier-2 (sla-korekta): 1245

--- ground truth per bucket ---
  peak      n= 292 (tier-1= 39)  ground_truth_drive med=8.3min
  shoulder  n=1023 (tier-1=128)  ground_truth_drive med=8.7min
  offpeak   n= 110 (tier-1= 13)  ground_truth_drive med=8.0min

--- byproduct: dwelle z tropow tier-1 (kalibracja DWELL_*) ---
  peak      dwell_restauracja med=3.4min (n=35)  dwell_klient med=4.2min (n=39)
  shoulder  dwell_restauracja med=5.0min (n=107)  dwell_klient med=4.2min (n=128)
  offpeak   dwell_restauracja med=4.2min (n=10)  dwell_klient med=4.2min (n=13)
solo tropy (non-czasowka, 5-60min): 1633
tier-2 korekta nondrive_in_window (min) per bucket: peak=3.5, shoulder=3.8, offpeak=3.0
pominiete (brak wsp.): {'no_restaurant_coords': 105, 'no_delivery_coords': 50}
jakosc GPS: {'good': 186, 'sparse': 34, 'insufficient': 1258}
zapisano 1478 tropow -> /root/.openclaw/workspace/scripts/dispatch_v2/eod_drafts/2026-05-14/tomtom_poc/trips_realworld.jsonl
  tier-1 (GPS pure_drive): 186   tier-2 (sla-korekta): 1292

--- ground truth per bucket ---
  peak      n= 307 (tier-1= 41)  ground_truth_drive med=8.3min
  shoulder  n=1060 (tier-1=132)  ground_truth_drive med=8.8min
  offpeak   n= 111 (tier-1= 13)  ground_truth_drive med=8.0min

--- byproduct: dwelle z tropow tier-1 (kalibracja DWELL_*) ---
  peak      dwell_restauracja med=3.6min (n=37)  dwell_klient med=4.2min (n=41)
  shoulder  dwell_restauracja med=5.0min (n=111)  dwell_klient med=4.2min (n=132)
  offpeak   dwell_restauracja med=4.2min (n=10)  dwell_klient med=4.2min (n=13)
solo tropy (non-czasowka, 5-60min): 1697
tier-2 korekta nondrive_in_window (min) per bucket: peak=3.5, shoulder=3.9, offpeak=3.0
pominiete (brak wsp.): {'no_restaurant_coords': 106, 'no_delivery_coords': 51}
jakosc GPS: {'good': 192, 'sparse': 34, 'insufficient': 1314}
zapisano 1540 tropow -> /root/.openclaw/workspace/scripts/dispatch_v2/eod_drafts/2026-05-14/tomtom_poc/trips_realworld.jsonl
  tier-1 (GPS pure_drive): 192   tier-2 (sla-korekta): 1348

--- ground truth per bucket ---
  peak      n= 321 (tier-1= 42)  ground_truth_drive med=8.3min
  shoulder  n=1106 (tier-1=137)  ground_truth_drive med=8.7min
  offpeak   n= 113 (tier-1= 13)  ground_truth_drive med=8.0min

--- byproduct: dwelle z tropow tier-1 (kalibracja DWELL_*) ---
  peak      dwell_restauracja med=3.8min (n=38)  dwell_klient med=4.2min (n=42)
  shoulder  dwell_restauracja med=5.2min (n=116)  dwell_klient med=4.2min (n=137)
  offpeak   dwell_restauracja med=4.2min (n=10)  dwell_klient med=4.2min (n=13)
solo tropy (non-czasowka, 5-60min): 1773
tier-2 korekta nondrive_in_window (min) per bucket: peak=3.7, shoulder=3.9, offpeak=3.1
pominiete (brak wsp.): {'no_restaurant_coords': 110, 'no_delivery_coords': 138}
jakosc GPS: {'good': 189, 'sparse': 34, 'insufficient': 1302}
zapisano 1525 tropow -> /root/.openclaw/workspace/scripts/dispatch_v2/eod_drafts/2026-05-14/tomtom_poc/trips_realworld.jsonl
  tier-1 (GPS pure_drive): 189   tier-2 (sla-korekta): 1336

--- ground truth per bucket ---
  peak      n= 322 (tier-1= 42)  ground_truth_drive med=8.2min
  shoulder  n=1094 (tier-1=134)  ground_truth_drive med=8.8min
  offpeak   n= 109 (tier-1= 13)  ground_truth_drive med=7.8min

--- byproduct: dwelle z tropow tier-1 (kalibracja DWELL_*) ---
  peak      dwell_restauracja med=3.2min (n=40)  dwell_klient med=4.5min (n=42)
  shoulder  dwell_restauracja med=5.3min (n=113)  dwell_klient med=4.2min (n=134)
  offpeak   dwell_restauracja med=4.2min (n=11)  dwell_klient med=4.5min (n=13)
solo tropy (non-czasowka, 5-60min): 1834
tier-2 korekta nondrive_in_window (min) per bucket: peak=3.7, shoulder=3.9, offpeak=3.1
pominiete (brak wsp.): {'no_restaurant_coords': 115, 'no_delivery_coords': 135}
jakosc GPS: {'good': 189, 'sparse': 34, 'insufficient': 1361}
zapisano 1584 tropow -> /root/.openclaw/workspace/scripts/dispatch_v2/eod_drafts/2026-05-14/tomtom_poc/trips_realworld.jsonl
  tier-1 (GPS pure_drive): 189   tier-2 (sla-korekta): 1395

--- ground truth per bucket ---
  peak      n= 335 (tier-1= 42)  ground_truth_drive med=8.2min
  shoulder  n=1139 (tier-1=134)  ground_truth_drive med=8.8min
  offpeak   n= 110 (tier-1= 13)  ground_truth_drive med=7.8min

--- byproduct: dwelle z tropow tier-1 (kalibracja DWELL_*) ---
  peak      dwell_restauracja med=3.2min (n=40)  dwell_klient med=4.5min (n=42)
  shoulder  dwell_restauracja med=5.3min (n=113)  dwell_klient med=4.2min (n=134)
  offpeak   dwell_restauracja med=4.2min (n=11)  dwell_klient med=4.5min (n=13)
solo tropy (non-czasowka, 5-60min): 1909
tier-2 korekta nondrive_in_window (min) per bucket: peak=3.7, shoulder=3.9, offpeak=3.1
pominiete (brak wsp.): {'no_restaurant_coords': 120, 'no_delivery_coords': 143}
jakosc GPS: {'good': 189, 'sparse': 35, 'insufficient': 1422}
zapisano 1646 tropow -> /root/.openclaw/workspace/scripts/dispatch_v2/eod_drafts/2026-05-14/tomtom_poc/trips_realworld.jsonl
  tier-1 (GPS pure_drive): 189   tier-2 (sla-korekta): 1457

--- ground truth per bucket ---
  peak      n= 354 (tier-1= 42)  ground_truth_drive med=8.2min
  shoulder  n=1177 (tier-1=134)  ground_truth_drive med=8.8min
  offpeak   n= 115 (tier-1= 13)  ground_truth_drive med=7.8min

--- byproduct: dwelle z tropow tier-1 (kalibracja DWELL_*) ---
  peak      dwell_restauracja med=3.2min (n=40)  dwell_klient med=4.5min (n=42)
  shoulder  dwell_restauracja med=5.3min (n=113)  dwell_klient med=4.2min (n=134)
  offpeak   dwell_restauracja med=4.2min (n=11)  dwell_klient med=4.5min (n=13)
solo tropy (non-czasowka, 5-60min): 1964
tier-2 korekta nondrive_in_window (min) per bucket: peak=3.7, shoulder=3.9, offpeak=3.1
pominiete (brak wsp.): {'no_restaurant_coords': 125, 'no_delivery_coords': 148}
jakosc GPS: {'good': 192, 'sparse': 35, 'insufficient': 1464}
zapisano 1691 tropow -> /root/.openclaw/workspace/scripts/dispatch_v2/eod_drafts/2026-05-14/tomtom_poc/trips_realworld.jsonl
  tier-1 (GPS pure_drive): 192   tier-2 (sla-korekta): 1499

--- ground truth per bucket ---
  peak      n= 363 (tier-1= 43)  ground_truth_drive med=8.3min
  shoulder  n=1208 (tier-1=136)  ground_truth_drive med=8.8min
  offpeak   n= 120 (tier-1= 13)  ground_truth_drive med=7.5min

--- byproduct: dwelle z tropow tier-1 (kalibracja DWELL_*) ---
  peak      dwell_restauracja med=3.4min (n=41)  dwell_klient med=4.5min (n=43)
  shoulder  dwell_restauracja med=5.3min (n=115)  dwell_klient med=4.2min (n=136)
  offpeak   dwell_restauracja med=4.2min (n=11)  dwell_klient med=4.5min (n=13)
solo tropy (non-czasowka, 5-60min): 2024
tier-2 korekta nondrive_in_window (min) per bucket: peak=3.7, shoulder=3.9, offpeak=3.1
pominiete (brak wsp.): {'no_restaurant_coords': 129, 'no_delivery_coords': 154}
jakosc GPS: {'good': 197, 'sparse': 36, 'insufficient': 1508}
zapisano 1741 tropow -> /root/.openclaw/workspace/scripts/dispatch_v2/eod_drafts/2026-05-14/tomtom_poc/trips_realworld.jsonl
  tier-1 (GPS pure_drive): 197   tier-2 (sla-korekta): 1544

--- ground truth per bucket ---
  peak      n= 372 (tier-1= 45)  ground_truth_drive med=8.4min
  shoulder  n=1246 (tier-1=139)  ground_truth_drive med=8.8min
  offpeak   n= 123 (tier-1= 13)  ground_truth_drive med=7.5min

--- byproduct: dwelle z tropow tier-1 (kalibracja DWELL_*) ---
  peak      dwell_restauracja med=3.6min (n=43)  dwell_klient med=4.4min (n=45)
  shoulder  dwell_restauracja med=5.2min (n=118)  dwell_klient med=4.2min (n=139)
  offpeak   dwell_restauracja med=4.2min (n=11)  dwell_klient med=4.5min (n=13)
solo tropy (non-czasowka, 5-60min): 2087
tier-2 korekta nondrive_in_window (min) per bucket: peak=3.7, shoulder=3.9, offpeak=3.0
pominiete (brak wsp.): {'no_restaurant_coords': 132, 'no_delivery_coords': 158}
jakosc GPS: {'good': 210, 'sparse': 37, 'insufficient': 1550}
zapisano 1797 tropow -> /root/.openclaw/workspace/scripts/dispatch_v2/eod_drafts/2026-05-14/tomtom_poc/trips_realworld.jsonl
  tier-1 (GPS pure_drive): 210   tier-2 (sla-korekta): 1587

--- ground truth per bucket ---
  peak      n= 383 (tier-1= 46)  ground_truth_drive med=8.4min
  shoulder  n=1287 (tier-1=149)  ground_truth_drive med=8.8min
  offpeak   n= 127 (tier-1= 15)  ground_truth_drive med=7.6min

--- byproduct: dwelle z tropow tier-1 (kalibracja DWELL_*) ---
  peak      dwell_restauracja med=3.8min (n=44)  dwell_klient med=4.3min (n=46)
  shoulder  dwell_restauracja med=5.0min (n=128)  dwell_klient med=4.2min (n=149)
  offpeak   dwell_restauracja med=4.2min (n=13)  dwell_klient med=4.5min (n=15)
solo tropy (non-czasowka, 5-60min): 2153
tier-2 korekta nondrive_in_window (min) per bucket: peak=3.7, shoulder=3.9, offpeak=3.0
pominiete (brak wsp.): {'no_restaurant_coords': 142, 'no_delivery_coords': 166}
jakosc GPS: {'good': 214, 'sparse': 38, 'insufficient': 1593}
zapisano 1845 tropow -> /root/.openclaw/workspace/scripts/dispatch_v2/eod_drafts/2026-05-14/tomtom_poc/trips_realworld.jsonl
  tier-1 (GPS pure_drive): 214   tier-2 (sla-korekta): 1631

--- ground truth per bucket ---
  peak      n= 390 (tier-1= 46)  ground_truth_drive med=8.4min
  shoulder  n=1326 (tier-1=153)  ground_truth_drive med=8.7min
  offpeak   n= 129 (tier-1= 15)  ground_truth_drive med=7.5min

--- byproduct: dwelle z tropow tier-1 (kalibracja DWELL_*) ---
  peak      dwell_restauracja med=3.8min (n=44)  dwell_klient med=4.3min (n=46)
  shoulder  dwell_restauracja med=5.0min (n=130)  dwell_klient med=4.1min (n=153)
  offpeak   dwell_restauracja med=4.2min (n=13)  dwell_klient med=4.5min (n=15)
solo tropy (non-czasowka, 5-60min): 2195
tier-2 korekta nondrive_in_window (min) per bucket: peak=3.7, shoulder=3.9, offpeak=3.0
pominiete (brak wsp.): {'no_restaurant_coords': 145, 'no_delivery_coords': 172}
jakosc GPS: {'good': 217, 'sparse': 39, 'insufficient': 1622}
zapisano 1878 tropow -> /root/.openclaw/workspace/scripts/dispatch_v2/eod_drafts/2026-05-14/tomtom_poc/trips_realworld.jsonl
  tier-1 (GPS pure_drive): 217   tier-2 (sla-korekta): 1661

--- ground truth per bucket ---
  peak      n= 397 (tier-1= 48)  ground_truth_drive med=8.4min
  shoulder  n=1349 (tier-1=154)  ground_truth_drive med=8.7min
  offpeak   n= 132 (tier-1= 15)  ground_truth_drive med=7.5min

--- byproduct: dwelle z tropow tier-1 (kalibracja DWELL_*) ---
  peak      dwell_restauracja med=4.0min (n=45)  dwell_klient med=4.3min (n=48)
  shoulder  dwell_restauracja med=4.9min (n=131)  dwell_klient med=4.2min (n=154)
  offpeak   dwell_restauracja med=4.2min (n=13)  dwell_klient med=4.5min (n=15)
solo tropy (non-czasowka, 5-60min): 2246
tier-2 korekta nondrive_in_window (min) per bucket: peak=3.7, shoulder=3.9, offpeak=3.1
pominiete (brak wsp.): {'no_restaurant_coords': 149, 'no_delivery_coords': 179}
jakosc GPS: {'good': 226, 'sparse': 41, 'insufficient': 1651}
zapisano 1918 tropow -> /root/.openclaw/workspace/scripts/dispatch_v2/eod_drafts/2026-05-14/tomtom_poc/trips_realworld.jsonl
  tier-1 (GPS pure_drive): 226   tier-2 (sla-korekta): 1692

--- ground truth per bucket ---
  peak      n= 408 (tier-1= 49)  ground_truth_drive med=8.4min
  shoulder  n=1373 (tier-1=159)  ground_truth_drive med=8.7min
  offpeak   n= 137 (tier-1= 18)  ground_truth_drive med=7.4min

--- byproduct: dwelle z tropow tier-1 (kalibracja DWELL_*) ---
  peak      dwell_restauracja med=4.0min (n=46)  dwell_klient med=4.3min (n=49)
  shoulder  dwell_restauracja med=5.0min (n=135)  dwell_klient med=4.2min (n=159)
  offpeak   dwell_restauracja med=4.2min (n=15)  dwell_klient med=4.2min (n=18)
solo tropy (non-czasowka, 5-60min): 2296
tier-2 korekta nondrive_in_window (min) per bucket: peak=3.7, shoulder=3.9, offpeak=3.1
pominiete (brak wsp.): {'no_restaurant_coords': 150, 'no_delivery_coords': 182}
jakosc GPS: {'good': 228, 'sparse': 41, 'insufficient': 1695}
zapisano 1964 tropow -> /root/.openclaw/workspace/scripts/dispatch_v2/eod_drafts/2026-05-14/tomtom_poc/trips_realworld.jsonl
  tier-1 (GPS pure_drive): 228   tier-2 (sla-korekta): 1736

--- ground truth per bucket ---
  peak      n= 419 (tier-1= 51)  ground_truth_drive med=8.5min
  shoulder  n=1404 (tier-1=159)  ground_truth_drive med=8.7min
  offpeak   n= 141 (tier-1= 18)  ground_truth_drive med=7.5min

--- byproduct: dwelle z tropow tier-1 (kalibracja DWELL_*) ---
  peak      dwell_restauracja med=4.0min (n=46)  dwell_klient med=4.3min (n=51)
  shoulder  dwell_restauracja med=5.0min (n=135)  dwell_klient med=4.2min (n=159)
  offpeak   dwell_restauracja med=4.2min (n=15)  dwell_klient med=4.2min (n=18)
solo tropy (non-czasowka, 5-60min): 2370
tier-2 korekta nondrive_in_window (min) per bucket: peak=3.9, shoulder=3.7, offpeak=3.1
pominiete (brak wsp.): {'no_restaurant_coords': 152, 'no_delivery_coords': 177}
jakosc GPS: {'good': 248, 'sparse': 43, 'insufficient': 1750}
zapisano 2041 tropow -> /root/.openclaw/workspace/scripts/dispatch_v2/eod_drafts/2026-05-14/tomtom_poc/trips_realworld.jsonl
  tier-1 (GPS pure_drive): 248   tier-2 (sla-korekta): 1793

--- ground truth per bucket ---
  peak      n= 434 (tier-1= 56)  ground_truth_drive med=8.4min
  shoulder  n=1464 (tier-1=174)  ground_truth_drive med=9.0min
  offpeak   n= 143 (tier-1= 18)  ground_truth_drive med=7.5min

--- byproduct: dwelle z tropow tier-1 (kalibracja DWELL_*) ---
  peak      dwell_restauracja med=4.1min (n=49)  dwell_klient med=4.2min (n=56)
  shoulder  dwell_restauracja med=5.3min (n=149)  dwell_klient med=4.2min (n=174)
  offpeak   dwell_restauracja med=4.2min (n=15)  dwell_klient med=4.2min (n=18)
solo tropy (non-czasowka, 5-60min): 2435
tier-2 korekta nondrive_in_window (min) per bucket: peak=3.9, shoulder=3.7, offpeak=3.1
pominiete (brak wsp.): {'no_restaurant_coords': 155, 'no_delivery_coords': 184}
jakosc GPS: {'good': 265, 'sparse': 43, 'insufficient': 1788}
zapisano 2096 tropow -> /root/.openclaw/workspace/scripts/dispatch_v2/eod_drafts/2026-05-14/tomtom_poc/trips_realworld.jsonl
  tier-1 (GPS pure_drive): 265   tier-2 (sla-korekta): 1831

--- ground truth per bucket ---
  peak      n= 446 (tier-1= 60)  ground_truth_drive med=8.4min
  shoulder  n=1503 (tier-1=187)  ground_truth_drive med=9.0min
  offpeak   n= 147 (tier-1= 18)  ground_truth_drive med=7.5min

--- byproduct: dwelle z tropow tier-1 (kalibracja DWELL_*) ---
  peak      dwell_restauracja med=4.0min (n=53)  dwell_klient med=4.2min (n=60)
  shoulder  dwell_restauracja med=5.1min (n=161)  dwell_klient med=4.0min (n=187)
  offpeak   dwell_restauracja med=4.2min (n=15)  dwell_klient med=4.2min (n=18)
solo tropy (non-czasowka, 5-60min): 2492
tier-2 korekta nondrive_in_window (min) per bucket: peak=3.9, shoulder=3.6, offpeak=3.1
pominiete (brak wsp.): {'no_restaurant_coords': 160, 'no_delivery_coords': 189}
jakosc GPS: {'good': 270, 'sparse': 45, 'insufficient': 1828}
zapisano 2143 tropow -> /root/.openclaw/workspace/scripts/dispatch_v2/eod_drafts/2026-05-14/tomtom_poc/trips_realworld.jsonl
  tier-1 (GPS pure_drive): 270   tier-2 (sla-korekta): 1873

--- ground truth per bucket ---
  peak      n= 451 (tier-1= 60)  ground_truth_drive med=8.4min
  shoulder  n=1537 (tier-1=192)  ground_truth_drive med=9.0min
  offpeak   n= 155 (tier-1= 18)  ground_truth_drive med=7.5min

--- byproduct: dwelle z tropow tier-1 (kalibracja DWELL_*) ---
  peak      dwell_restauracja med=4.0min (n=53)  dwell_klient med=4.2min (n=60)
  shoulder  dwell_restauracja med=5.2min (n=166)  dwell_klient med=4.1min (n=192)
  offpeak   dwell_restauracja med=4.2min (n=15)  dwell_klient med=4.2min (n=18)
solo tropy (non-czasowka, 5-60min): 2536
tier-2 korekta nondrive_in_window (min) per bucket: peak=3.9, shoulder=3.6, offpeak=3.1
pominiete (brak wsp.): {'no_restaurant_coords': 166, 'no_delivery_coords': 195}
jakosc GPS: {'good': 270, 'sparse': 46, 'insufficient': 1859}
zapisano 2175 tropow -> /root/.openclaw/workspace/scripts/dispatch_v2/eod_drafts/2026-05-14/tomtom_poc/trips_realworld.jsonl
  tier-1 (GPS pure_drive): 270   tier-2 (sla-korekta): 1905

--- ground truth per bucket ---
  peak      n= 458 (tier-1= 60)  ground_truth_drive med=8.4min
  shoulder  n=1557 (tier-1=192)  ground_truth_drive med=9.0min
  offpeak   n= 160 (tier-1= 18)  ground_truth_drive med=7.7min

--- byproduct: dwelle z tropow tier-1 (kalibracja DWELL_*) ---
  peak      dwell_restauracja med=4.0min (n=53)  dwell_klient med=4.2min (n=60)
  shoulder  dwell_restauracja med=5.2min (n=166)  dwell_klient med=4.1min (n=192)
  offpeak   dwell_restauracja med=4.2min (n=15)  dwell_klient med=4.2min (n=18)
solo tropy (non-czasowka, 5-60min): 2555
tier-2 korekta nondrive_in_window (min) per bucket: peak=3.8, shoulder=3.6, offpeak=3.1
pominiete (brak wsp.): {'no_restaurant_coords': 169, 'no_delivery_coords': 196}
jakosc GPS: {'good': 273, 'sparse': 46, 'insufficient': 1871}
zapisano 2190 tropow -> /root/.openclaw/workspace/scripts/dispatch_v2/eod_drafts/2026-05-14/tomtom_poc/trips_realworld.jsonl
  tier-1 (GPS pure_drive): 273   tier-2 (sla-korekta): 1917

--- ground truth per bucket ---
  peak      n= 464 (tier-1= 61)  ground_truth_drive med=8.5min
  shoulder  n=1564 (tier-1=194)  ground_truth_drive med=9.0min
  offpeak   n= 162 (tier-1= 18)  ground_truth_drive med=7.6min

--- byproduct: dwelle z tropow tier-1 (kalibracja DWELL_*) ---
  peak      dwell_restauracja med=4.0min (n=54)  dwell_klient med=4.2min (n=61)
  shoulder  dwell_restauracja med=5.2min (n=168)  dwell_klient med=4.0min (n=194)
  offpeak   dwell_restauracja med=4.2min (n=15)  dwell_klient med=4.2min (n=18)
solo tropy (non-czasowka, 5-60min): 2591
tier-2 korekta nondrive_in_window (min) per bucket: peak=3.8, shoulder=3.6, offpeak=3.1
pominiete (brak wsp.): {'no_restaurant_coords': 172, 'no_delivery_coords': 201}
jakosc GPS: {'good': 279, 'sparse': 46, 'insufficient': 1893}
zapisano 2218 tropow -> /root/.openclaw/workspace/scripts/dispatch_v2/eod_drafts/2026-05-14/tomtom_poc/trips_realworld.jsonl
  tier-1 (GPS pure_drive): 279   tier-2 (sla-korekta): 1939

--- ground truth per bucket ---
  peak      n= 468 (tier-1= 61)  ground_truth_drive med=8.4min
  shoulder  n=1585 (tier-1=200)  ground_truth_drive med=9.0min
  offpeak   n= 165 (tier-1= 18)  ground_truth_drive med=7.6min

--- byproduct: dwelle z tropow tier-1 (kalibracja DWELL_*) ---
  peak      dwell_restauracja med=4.0min (n=54)  dwell_klient med=4.2min (n=61)
  shoulder  dwell_restauracja med=5.2min (n=172)  dwell_klient med=4.0min (n=200)
  offpeak   dwell_restauracja med=4.2min (n=15)  dwell_klient med=4.2min (n=18)
solo tropy (non-czasowka, 5-60min): 2669
tier-2 korekta nondrive_in_window (min) per bucket: peak=3.8, shoulder=3.5, offpeak=3.1
pominiete (brak wsp.): {'no_restaurant_coords': 175, 'no_delivery_coords': 211}
jakosc GPS: {'good': 289, 'sparse': 48, 'insufficient': 1946}
zapisano 2283 tropow -> /root/.openclaw/workspace/scripts/dispatch_v2/eod_drafts/2026-05-14/tomtom_poc/trips_realworld.jsonl
  tier-1 (GPS pure_drive): 289   tier-2 (sla-korekta): 1994

--- ground truth per bucket ---
  peak      n= 481 (tier-1= 65)  ground_truth_drive med=8.5min
  shoulder  n=1633 (tier-1=206)  ground_truth_drive med=9.1min
  offpeak   n= 169 (tier-1= 18)  ground_truth_drive med=7.7min

--- byproduct: dwelle z tropow tier-1 (kalibracja DWELL_*) ---
  peak      dwell_restauracja med=4.0min (n=57)  dwell_klient med=4.2min (n=65)
  shoulder  dwell_restauracja med=5.2min (n=177)  dwell_klient med=4.0min (n=206)
  offpeak   dwell_restauracja med=4.2min (n=15)  dwell_klient med=4.2min (n=18)
solo tropy (non-czasowka, 5-60min): 2711
tier-2 korekta nondrive_in_window (min) per bucket: peak=3.8, shoulder=3.5, offpeak=3.1
pominiete (brak wsp.): {'no_restaurant_coords': 178, 'no_delivery_coords': 215}
jakosc GPS: {'good': 298, 'sparse': 50, 'insufficient': 1970}
zapisano 2318 tropow -> /root/.openclaw/workspace/scripts/dispatch_v2/eod_drafts/2026-05-14/tomtom_poc/trips_realworld.jsonl
  tier-1 (GPS pure_drive): 298   tier-2 (sla-korekta): 2020

--- ground truth per bucket ---
  peak      n= 493 (tier-1= 69)  ground_truth_drive med=8.5min
  shoulder  n=1653 (tier-1=211)  ground_truth_drive med=9.2min
  offpeak   n= 172 (tier-1= 18)  ground_truth_drive med=7.6min

--- byproduct: dwelle z tropow tier-1 (kalibracja DWELL_*) ---
  peak      dwell_restauracja med=4.0min (n=61)  dwell_klient med=4.1min (n=69)
  shoulder  dwell_restauracja med=5.2min (n=182)  dwell_klient med=4.0min (n=211)
  offpeak   dwell_restauracja med=4.2min (n=15)  dwell_klient med=4.2min (n=18)
solo tropy (non-czasowka, 5-60min): 2769
tier-2 korekta nondrive_in_window (min) per bucket: peak=3.8, shoulder=3.5, offpeak=3.1
pominiete (brak wsp.): {'no_restaurant_coords': 180, 'no_delivery_coords': 221}
jakosc GPS: {'good': 305, 'sparse': 51, 'insufficient': 2012}
zapisano 2368 tropow -> /root/.openclaw/workspace/scripts/dispatch_v2/eod_drafts/2026-05-14/tomtom_poc/trips_realworld.jsonl
  tier-1 (GPS pure_drive): 305   tier-2 (sla-korekta): 2063

--- ground truth per bucket ---
  peak      n= 501 (tier-1= 70)  ground_truth_drive med=8.5min
  shoulder  n=1690 (tier-1=217)  ground_truth_drive med=9.2min
  offpeak   n= 177 (tier-1= 18)  ground_truth_drive med=7.5min

--- byproduct: dwelle z tropow tier-1 (kalibracja DWELL_*) ---
  peak      dwell_restauracja med=3.9min (n=62)  dwell_klient med=4.0min (n=70)
  shoulder  dwell_restauracja med=5.2min (n=188)  dwell_klient med=4.0min (n=217)
  offpeak   dwell_restauracja med=4.2min (n=15)  dwell_klient med=4.2min (n=18)
solo tropy (non-czasowka, 5-60min): 2845
tier-2 korekta nondrive_in_window (min) per bucket: peak=3.8, shoulder=3.5, offpeak=3.1
pominiete (brak wsp.): {'no_restaurant_coords': 186, 'no_delivery_coords': 230}
jakosc GPS: {'good': 306, 'sparse': 51, 'insufficient': 2072}
zapisano 2429 tropow -> /root/.openclaw/workspace/scripts/dispatch_v2/eod_drafts/2026-05-14/tomtom_poc/trips_realworld.jsonl
  tier-1 (GPS pure_drive): 306   tier-2 (sla-korekta): 2123

--- ground truth per bucket ---
  peak      n= 511 (tier-1= 70)  ground_truth_drive med=8.5min
  shoulder  n=1736 (tier-1=218)  ground_truth_drive med=9.2min
  offpeak   n= 182 (tier-1= 18)  ground_truth_drive med=7.6min

--- byproduct: dwelle z tropow tier-1 (kalibracja DWELL_*) ---
  peak      dwell_restauracja med=3.9min (n=62)  dwell_klient med=4.0min (n=70)
  shoulder  dwell_restauracja med=5.2min (n=189)  dwell_klient med=4.0min (n=218)
  offpeak   dwell_restauracja med=4.2min (n=15)  dwell_klient med=4.2min (n=18)
solo tropy (non-czasowka, 5-60min): 2917
tier-2 korekta nondrive_in_window (min) per bucket: peak=3.8, shoulder=3.5, offpeak=3.1
pominiete (brak wsp.): {'no_restaurant_coords': 188, 'no_delivery_coords': 243}
jakosc GPS: {'good': 306, 'sparse': 52, 'insufficient': 2128}
zapisano 2486 tropow -> /root/.openclaw/workspace/scripts/dispatch_v2/eod_drafts/2026-05-14/tomtom_poc/trips_realworld.jsonl
  tier-1 (GPS pure_drive): 306   tier-2 (sla-korekta): 2180

--- ground truth per bucket ---
  peak      n= 524 (tier-1= 70)  ground_truth_drive med=8.3min
  shoulder  n=1774 (tier-1=218)  ground_truth_drive med=9.2min
  offpeak   n= 188 (tier-1= 18)  ground_truth_drive med=7.6min

--- byproduct: dwelle z tropow tier-1 (kalibracja DWELL_*) ---
  peak      dwell_restauracja med=3.9min (n=62)  dwell_klient med=4.0min (n=70)
  shoulder  dwell_restauracja med=5.2min (n=189)  dwell_klient med=4.0min (n=218)
  offpeak   dwell_restauracja med=4.2min (n=15)  dwell_klient med=4.2min (n=18)
