predykcje rw_results: 695   ground truth: 467   po join: 90

=== PELEN SAMPLE (tier-1 + tier-2) ===
bucket       n | OSRM bias  bcRMSE  bcMAE   p90 |  TT bias  bcRMSE  bcMAE   p90 | TT win%
--------------------------------------------------------------------------------------------
peak        20 |     -3.06    5.05   3.64  8.07 |    -0.34    5.01   3.65  8.52 |     50%
shoulder    63 |     -3.21    7.51   4.73  9.03 |    -1.06    7.57   4.82  9.17 |     44%
offpeak      7 |     -4.99    6.92   4.98 16.17 |    -4.24    6.90   4.68 16.23 |     57%
RAZEM       90 |     -3.32    7.01   4.51  8.92 |    -1.15    7.09   4.63  9.08 |     47%
  korelacja Pearson (predykcja vs realna jazda): OSRM r=0.474  TomTom r=0.454

=== CROSS-CHECK tier-1 (zloty standard GPS, n=8) ===
bucket       n | OSRM bias  bcRMSE  bcMAE   p90 |  TT bias  bcRMSE  bcMAE   p90 | TT win%
--------------------------------------------------------------------------------------------
peak         3 |     -2.09    1.51   1.42  2.12 |    +1.06    1.81   1.71  2.56 |      0%
shoulder     4 |     -1.44    1.14   1.10  1.52 |    +0.55    0.54   0.43  0.87 |    100%
offpeak      1 |     -3.98    0.00   0.00  0.00 |    -2.32    0.00   0.00  0.00 |     50%
RAZEM        8 |     -2.00    1.47   1.32  2.21 |    +0.38    1.57   1.32  2.70 |     50%
  korelacja Pearson (predykcja vs realna jazda): OSRM r=0.369  TomTom r=0.122

============================================================
GATE B — werdykt (pelen sample, bucket PEAK):
  NIEMIARODAJNY — peak n=20 < 25, zbieraj dalej

tier-1 cross-check (peak):
  NIEMIARODAJNY — peak n=3 < 25, zbieraj dalej

telegram send_admin_alert=True
predykcje rw_results: 1180   ground truth: 631   po join: 239

=== PELEN SAMPLE (tier-1 + tier-2) ===
bucket       n | OSRM bias  bcRMSE  bcMAE   p90 |  TT bias  bcRMSE  bcMAE   p90 | TT win%
--------------------------------------------------------------------------------------------
peak        54 |     -2.38    5.28   3.75  7.43 |    -0.17    5.30   3.74  8.80 |     57%
shoulder   169 |     -2.49    6.49   4.31  9.71 |    -0.41    6.43   4.26  8.65 |     51%
offpeak     16 |     -3.86    5.63   3.88  7.88 |    -3.05    5.48   3.63  6.44 |     50%
RAZEM      239 |     -2.55    6.19   4.18  9.19 |    -0.53    6.17   4.17  8.53 |     51%
  korelacja Pearson (predykcja vs realna jazda): OSRM r=0.425  TomTom r=0.437

=== CROSS-CHECK tier-1 (zloty standard GPS, n=22) ===
bucket       n | OSRM bias  bcRMSE  bcMAE   p90 |  TT bias  bcRMSE  bcMAE   p90 | TT win%
--------------------------------------------------------------------------------------------
peak         6 |     -2.17    1.77   1.61  2.55 |    +1.12    1.65   1.51  2.62 |     50%
shoulder    15 |     -1.59    2.63   2.24  3.91 |    +0.68    1.46   1.15  2.51 |     73%
offpeak      1 |     -3.98    0.00   0.00  0.00 |    -2.32    0.00   0.00  0.00 |     50%
RAZEM       22 |     -1.86    2.42   2.07  3.55 |    +0.66    1.63   1.34  2.53 |     64%
  korelacja Pearson (predykcja vs realna jazda): OSRM r=0.758  TomTom r=0.891

============================================================
GATE B — werdykt (pelen sample, bucket PEAK):
  peak bcRMSE: OSRM 5.28 vs TomTom 5.30  (TomTom -0.02 min, -0%)  win-rate TomTom 57%
  VERDICT: remis / marginalne → OSRM (Z3: prostsze, bez zaleznosci od API)

tier-1 cross-check (peak):
  NIEMIARODAJNY — peak n=6 < 25, zbieraj dalej

telegram send_admin_alert=True
