V3.27.1 OR-Tools INFEASIBLE z time windows (N=9, pairs=4), retry bez constraints
V3.27.1 OR-Tools INFEASIBLE z time windows (N=9, pairs=4), retry bez constraints
V3.27.1 OR-Tools INFEASIBLE z time windows (N=8, pairs=3), retry bez constraints
V3.27.1 OR-Tools INFEASIBLE z time windows (N=8, pairs=3), retry bez constraints
V3.27.1 OR-Tools INFEASIBLE z time windows (N=8, pairs=3), retry bez constraints
V3.27.1 OR-Tools INFEASIBLE z time windows (N=7, pairs=2), retry bez constraints
V3.27.1 OR-Tools INFEASIBLE z time windows (N=7, pairs=2), retry bez constraints
V3.27.1 OR-Tools INFEASIBLE z time windows (N=10, pairs=4), retry bez constraints
V3.27.1 OR-Tools INFEASIBLE z time windows (N=8, pairs=3), retry bez constraints
V3.27.1 OR-Tools INFEASIBLE z time windows (N=7, pairs=2), retry bez constraints
V3.27.1 OR-Tools INFEASIBLE z time windows (N=7, pairs=2), retry bez constraints
V3.27.1 OR-Tools INFEASIBLE z time windows (N=10, pairs=4), retry bez constraints
V3.27.1 OR-Tools INFEASIBLE z time windows (N=10, pairs=4), retry bez constraints
V3.27.1 OR-Tools INFEASIBLE z time windows (N=8, pairs=3), retry bez constraints
V3.27.1 OR-Tools INFEASIBLE z time windows (N=6, pairs=1), retry bez constraints
V3.27.1 OR-Tools INFEASIBLE z time windows (N=11, pairs=5), retry bez constraints
V3.27.1 OR-Tools INFEASIBLE z time windows (N=9, pairs=4), retry bez constraints
V3.27.1 OR-Tools INFEASIBLE z time windows (N=8, pairs=1), retry bez constraints
V3.27.1 OR-Tools INFEASIBLE z time windows (N=11, pairs=5), retry bez constraints
V3.27.1 OR-Tools INFEASIBLE z time windows (N=10, pairs=4), retry bez constraints
V3.27.1 OR-Tools INFEASIBLE z time windows (N=9, pairs=3), retry bez constraints
V3.27.1 OR-Tools INFEASIBLE z time windows (N=8, pairs=2), retry bez constraints
V3.27.1 OR-Tools INFEASIBLE z time windows (N=11, pairs=5), retry bez constraints
V3.27.1 OR-Tools INFEASIBLE z time windows (N=9, pairs=3), retry bez constraints
V3.27.1 OR-Tools INFEASIBLE z time windows (N=8, pairs=2), retry bez constraints
V3.27.1 OR-Tools INFEASIBLE z time windows (N=10, pairs=4), retry bez constraints
V3.27.1 OR-Tools INFEASIBLE z time windows (N=11, pairs=5), retry bez constraints
V3.27.1 OR-Tools INFEASIBLE z time windows (N=11, pairs=5), retry bez constraints
V3.27.1 OR-Tools INFEASIBLE z time windows (N=9, pairs=4), retry bez constraints
V3.27.1 OR-Tools INFEASIBLE z time windows (N=9, pairs=4), retry bez constraints
V3.27.1 OR-Tools INFEASIBLE z time windows (N=11, pairs=5), retry bez constraints
V3.27.1 OR-Tools INFEASIBLE z time windows (N=12, pairs=5), retry bez constraints
V3.27.1 OR-Tools INFEASIBLE z time windows (N=12, pairs=5), retry bez constraints
V3.27.1 OR-Tools INFEASIBLE z time windows (N=8, pairs=3), retry bez constraints
V3.27.1 OR-Tools INFEASIBLE z time windows (N=11, pairs=5), retry bez constraints
V3.27.1 OR-Tools INFEASIBLE z time windows (N=9, pairs=4), retry bez constraints
V3.27.1 OR-Tools INFEASIBLE z time windows (N=11, pairs=5), retry bez constraints
V3.27.1 OR-Tools INFEASIBLE z time windows (N=11, pairs=5), retry bez constraints
V3.27.1 OR-Tools INFEASIBLE z time windows (N=8, pairs=3), retry bez constraints
V3.27.1 OR-Tools INFEASIBLE z time windows (N=11, pairs=5), retry bez constraints
V3.27.1 OR-Tools INFEASIBLE z time windows (N=9, pairs=3), retry bez constraints
V3.27.1 OR-Tools INFEASIBLE z time windows (N=9, pairs=4), retry bez constraints
V3.27.1 OR-Tools INFEASIBLE z time windows (N=9, pairs=4), retry bez constraints
V3.27.1 OR-Tools INFEASIBLE z time windows (N=8, pairs=3), retry bez constraints
V3.27.1 OR-Tools INFEASIBLE z time windows (N=11, pairs=5), retry bez constraints
V3.27.1 OR-Tools INFEASIBLE z time windows (N=9, pairs=4), retry bez constraints
V3.27.1 OR-Tools INFEASIBLE z time windows (N=11, pairs=5), retry bez constraints
V3.27.1 OR-Tools INFEASIBLE z time windows (N=11, pairs=5), retry bez constraints
V3.27.1 OR-Tools INFEASIBLE z time windows (N=11, pairs=5), retry bez constraints
V3.27.1 OR-Tools INFEASIBLE z time windows (N=7, pairs=2), retry bez constraints
V3.27.1 OR-Tools INFEASIBLE z time windows (N=8, pairs=3), retry bez constraints
V3.27.1 OR-Tools INFEASIBLE z time windows (N=9, pairs=4), retry bez constraints
V3.27.1 OR-Tools INFEASIBLE z time windows (N=8, pairs=2), retry bez constraints
V3.27.1 OR-Tools INFEASIBLE z time windows (N=10, pairs=3), retry bez constraints
V3.27.1 OR-Tools INFEASIBLE z time windows (N=8, pairs=3), retry bez constraints
V3.27.1 OR-Tools INFEASIBLE z time windows (N=9, pairs=4), retry bez constraints
V3.27.1 OR-Tools INFEASIBLE z time windows (N=9, pairs=3), retry bez constraints
V3.27.1 OR-Tools INFEASIBLE z time windows (N=12, pairs=5), retry bez constraints
V3.27.1 OR-Tools INFEASIBLE z time windows (N=7, pairs=2), retry bez constraints
V3.27.1 OR-Tools INFEASIBLE z time windows (N=9, pairs=3), retry bez constraints
V3.27.1 OR-Tools INFEASIBLE z time windows (N=11, pairs=4), retry bez constraints
V3.27.1 OR-Tools INFEASIBLE z time windows (N=11, pairs=5), retry bez constraints
V3.27.1 OR-Tools INFEASIBLE z time windows (N=9, pairs=2), retry bez constraints
V3.27.1 OR-Tools INFEASIBLE z time windows (N=6, pairs=1), retry bez constraints
V3.27.1 OR-Tools INFEASIBLE z time windows (N=6, pairs=1), retry bez constraints
V3.27.1 OR-Tools INFEASIBLE z time windows (N=6, pairs=1), retry bez constraints
V3.27.1 OR-Tools INFEASIBLE z time windows (N=7, pairs=2), retry bez constraints
V3.27.1 OR-Tools INFEASIBLE z time windows (N=9, pairs=3), retry bez constraints
V3.27.1 OR-Tools INFEASIBLE z time windows (N=10, pairs=4), retry bez constraints
V3.27.1 OR-Tools INFEASIBLE z time windows (N=10, pairs=4), retry bez constraints
V3.27.1 OR-Tools INFEASIBLE z time windows (N=8, pairs=3), retry bez constraints
V3.27.1 OR-Tools INFEASIBLE z time windows (N=9, pairs=3), retry bez constraints
V3.27.1 OR-Tools INFEASIBLE z time windows (N=7, pairs=2), retry bez constraints
V3.27.1 OR-Tools INFEASIBLE z time windows (N=10, pairs=3), retry bez constraints
V3.27.1 OR-Tools INFEASIBLE z time windows (N=10, pairs=3), retry bez constraints
V3.27.1 OR-Tools INFEASIBLE z time windows (N=10, pairs=3), retry bez constraints
V3.27.1 OR-Tools INFEASIBLE z time windows (N=7, pairs=2), retry bez constraints
V3.27.1 OR-Tools INFEASIBLE z time windows (N=9, pairs=3), retry bez constraints
V3.27.1 OR-Tools INFEASIBLE z time windows (N=9, pairs=3), retry bez constraints
V3.27.1 OR-Tools INFEASIBLE z time windows (N=9, pairs=3), retry bez constraints
V3.27.1 OR-Tools INFEASIBLE z time windows (N=9, pairs=3), retry bez constraints
V3.27.1 OR-Tools INFEASIBLE z time windows (N=15, pairs=7), retry bez constraints
V3.27.1 OR-Tools INFEASIBLE z time windows (N=8, pairs=3), retry bez constraints
V3.27.1 OR-Tools INFEASIBLE z time windows (N=8, pairs=3), retry bez constraints
V3.27.1 OR-Tools INFEASIBLE z time windows (N=8, pairs=2), retry bez constraints
V3.27.1 OR-Tools INFEASIBLE z time windows (N=9, pairs=4), retry bez constraints
V3.27.1 OR-Tools INFEASIBLE z time windows (N=9, pairs=4), retry bez constraints
V3.27.1 OR-Tools INFEASIBLE z time windows (N=9, pairs=3), retry bez constraints
V3.27.1 OR-Tools INFEASIBLE z time windows (N=8, pairs=2), retry bez constraints
V3.27.1 OR-Tools INFEASIBLE z time windows (N=9, pairs=4), retry bez constraints
V3.27.1 OR-Tools INFEASIBLE z time windows (N=11, pairs=3), retry bez constraints
V3.27.1 OR-Tools INFEASIBLE z time windows (N=9, pairs=4), retry bez constraints
V3.27.1 OR-Tools INFEASIBLE z time windows (N=10, pairs=3), retry bez constraints
V3.27.1 OR-Tools INFEASIBLE z time windows (N=8, pairs=3), retry bez constraints
V3.27.1 OR-Tools INFEASIBLE z time windows (N=8, pairs=3), retry bez constraints
V3.27.1 OR-Tools INFEASIBLE z time windows (N=8, pairs=3), retry bez constraints
V3.27.1 OR-Tools INFEASIBLE z time windows (N=10, pairs=4), retry bez constraints
V3.27.1 OR-Tools INFEASIBLE z time windows (N=11, pairs=4), retry bez constraints
V3.27.1 OR-Tools INFEASIBLE z time windows (N=9, pairs=4), retry bez constraints
V3.27.1 OR-Tools INFEASIBLE z time windows (N=9, pairs=4), retry bez constraints
V3.27.1 OR-Tools INFEASIBLE z time windows (N=12, pairs=5), retry bez constraints
V3.27.1 OR-Tools INFEASIBLE z time windows (N=15, pairs=6), retry bez constraints
V3.27.1 OR-Tools INFEASIBLE z time windows (N=15, pairs=6), retry bez constraints
V3.27.1 OR-Tools INFEASIBLE z time windows (N=15, pairs=6), retry bez constraints
V3.27.1 OR-Tools INFEASIBLE z time windows (N=9, pairs=4), retry bez constraints
V3.27.1 OR-Tools INFEASIBLE z time windows (N=12, pairs=5), retry bez constraints
V3.27.1 OR-Tools INFEASIBLE z time windows (N=10, pairs=4), retry bez constraints
V3.27.1 OR-Tools INFEASIBLE z time windows (N=10, pairs=4), retry bez constraints
V3.27.1 OR-Tools INFEASIBLE z time windows (N=8, pairs=2), retry bez constraints
V3.27.1 OR-Tools INFEASIBLE z time windows (N=7, pairs=1), retry bez constraints
V3.27.1 OR-Tools INFEASIBLE z time windows (N=8, pairs=3), retry bez constraints
V3.27.1 OR-Tools INFEASIBLE z time windows (N=8, pairs=3), retry bez constraints
V3.27.1 OR-Tools INFEASIBLE z time windows (N=8, pairs=3), retry bez constraints
V3.27.1 OR-Tools INFEASIBLE z time windows (N=8, pairs=3), retry bez constraints
V3.27.1 OR-Tools INFEASIBLE z time windows (N=6, pairs=1), retry bez constraints
V3.27.1 OR-Tools INFEASIBLE z time windows (N=7, pairs=1), retry bez constraints
V3.27.1 OR-Tools INFEASIBLE z time windows (N=10, pairs=4), retry bez constraints
V3.27.1 OR-Tools INFEASIBLE z time windows (N=9, pairs=4), retry bez constraints
V3.27.1 OR-Tools INFEASIBLE z time windows (N=7, pairs=2), retry bez constraints
V3.27.1 OR-Tools INFEASIBLE z time windows (N=8, pairs=3), retry bez constraints
V3.27.1 OR-Tools INFEASIBLE z time windows (N=11, pairs=5), retry bez constraints
V3.27.1 OR-Tools INFEASIBLE z time windows (N=8, pairs=3), retry bez constraints
V3.27.1 OR-Tools INFEASIBLE z time windows (N=8, pairs=3), retry bez constraints
V3.27.1 OR-Tools INFEASIBLE z time windows (N=6, pairs=1), retry bez constraints
V3.27.1 OR-Tools INFEASIBLE z time windows (N=6, pairs=1), retry bez constraints
V3.27.1 OR-Tools INFEASIBLE z time windows (N=7, pairs=2), retry bez constraints
V3.27.1 OR-Tools INFEASIBLE z time windows (N=8, pairs=2), retry bez constraints
V3.27.1 OR-Tools INFEASIBLE z time windows (N=7, pairs=2), retry bez constraints
V3.27.1 OR-Tools INFEASIBLE z time windows (N=8, pairs=3), retry bez constraints
V3.27.1 OR-Tools INFEASIBLE z time windows (N=6, pairs=1), retry bez constraints
V3.27.1 OR-Tools INFEASIBLE z time windows (N=9, pairs=3), retry bez constraints
V3.27.1 OR-Tools INFEASIBLE z time windows (N=7, pairs=2), retry bez constraints
V3.27.1 OR-Tools INFEASIBLE z time windows (N=10, pairs=4), retry bez constraints
V3.27.1 OR-Tools INFEASIBLE z time windows (N=8, pairs=2), retry bez constraints
V3.27.1 OR-Tools INFEASIBLE z time windows (N=8, pairs=3), retry bez constraints
V3.27.1 OR-Tools INFEASIBLE z time windows (N=9, pairs=4), retry bez constraints
V3.27.1 OR-Tools INFEASIBLE z time windows (N=7, pairs=2), retry bez constraints
V3.27.1 OR-Tools INFEASIBLE z time windows (N=7, pairs=2), retry bez constraints
V3.27.1 OR-Tools INFEASIBLE z time windows (N=7, pairs=2), retry bez constraints
V3.27.1 OR-Tools INFEASIBLE z time windows (N=7, pairs=2), retry bez constraints
V3.27.1 OR-Tools INFEASIBLE z time windows (N=8, pairs=3), retry bez constraints
V3.27.1 OR-Tools INFEASIBLE z time windows (N=8, pairs=3), retry bez constraints
V3.27.1 OR-Tools INFEASIBLE z time windows (N=13, pairs=5), retry bez constraints
V3.27.1 OR-Tools INFEASIBLE z time windows (N=9, pairs=3), retry bez constraints
V3.27.1 OR-Tools INFEASIBLE z time windows (N=8, pairs=3), retry bez constraints
V3.27.1 OR-Tools INFEASIBLE z time windows (N=8, pairs=3), retry bez constraints
V3.27.1 OR-Tools INFEASIBLE z time windows (N=8, pairs=3), retry bez constraints
V3.27.1 OR-Tools INFEASIBLE z time windows (N=8, pairs=3), retry bez constraints
V3.27.1 OR-Tools INFEASIBLE z time windows (N=6, pairs=1), retry bez constraints
V3.27.1 OR-Tools INFEASIBLE z time windows (N=8, pairs=3), retry bez constraints
V3.27.1 OR-Tools INFEASIBLE z time windows (N=6, pairs=1), retry bez constraints
V3.27.1 OR-Tools INFEASIBLE z time windows (N=9, pairs=4), retry bez constraints
V3.27.1 OR-Tools INFEASIBLE z time windows (N=9, pairs=3), retry bez constraints
V3.27.1 OR-Tools INFEASIBLE z time windows (N=12, pairs=5), retry bez constraints
V3.27.1 OR-Tools INFEASIBLE z time windows (N=12, pairs=5), retry bez constraints
V3.27.1 OR-Tools INFEASIBLE z time windows (N=12, pairs=5), retry bez constraints
V3.27.1 OR-Tools INFEASIBLE z time windows (N=8, pairs=3), retry bez constraints
V3.27.1 OR-Tools INFEASIBLE z time windows (N=11, pairs=4), retry bez constraints
OR-Tools no sequence: status=ROUTING_FAIL elapsed=191.01ms warnings=['INFEASIBLE: solver returned None']
OR-Tools INFEASIBLE for bag_size=5, falling back to greedy
V3.27.1 OR-Tools INFEASIBLE z time windows (N=10, pairs=4), retry bez constraints
V3.27.1 OR-Tools INFEASIBLE z time windows (N=8, pairs=3), retry bez constraints
V3.27.1 OR-Tools INFEASIBLE z time windows (N=13, pairs=6), retry bez constraints
V3.27.1 OR-Tools INFEASIBLE z time windows (N=10, pairs=4), retry bez constraints
V3.27.1 OR-Tools INFEASIBLE z time windows (N=10, pairs=4), retry bez constraints
V3.27.1 OR-Tools INFEASIBLE z time windows (N=9, pairs=4), retry bez constraints
V3.27.1 OR-Tools INFEASIBLE z time windows (N=9, pairs=4), retry bez constraints
V3.27.1 OR-Tools INFEASIBLE z time windows (N=11, pairs=5), retry bez constraints
V3.27.1 OR-Tools INFEASIBLE z time windows (N=7, pairs=2), retry bez constraints
V3.27.1 OR-Tools INFEASIBLE z time windows (N=12, pairs=5), retry bez constraints
V3.27.1 OR-Tools INFEASIBLE z time windows (N=11, pairs=5), retry bez constraints
V3.27.1 OR-Tools INFEASIBLE z time windows (N=11, pairs=5), retry bez constraints
V3.27.1 OR-Tools INFEASIBLE z time windows (N=11, pairs=5), retry bez constraints
V3.27.1 OR-Tools INFEASIBLE z time windows (N=11, pairs=5), retry bez constraints
V3.27.1 OR-Tools INFEASIBLE z time windows (N=13, pairs=5), retry bez constraints
V3.27.1 OR-Tools INFEASIBLE z time windows (N=12, pairs=5), retry bez constraints
V3.27.1 OR-Tools INFEASIBLE z time windows (N=12, pairs=5), retry bez constraints
V3.27.1 OR-Tools INFEASIBLE z time windows (N=11, pairs=4), retry bez constraints
V3.27.1 OR-Tools INFEASIBLE z time windows (N=10, pairs=4), retry bez constraints
V3.27.1 OR-Tools INFEASIBLE z time windows (N=9, pairs=2), retry bez constraints
V3.27.1 OR-Tools INFEASIBLE z time windows (N=8, pairs=1), retry bez constraints
V3.27.1 OR-Tools INFEASIBLE z time windows (N=6, pairs=1), retry bez constraints
V3.27.1 OR-Tools INFEASIBLE z time windows (N=11, pairs=4), retry bez constraints
V3.27.1 OR-Tools INFEASIBLE z time windows (N=10, pairs=3), retry bez constraints
V3.27.1 OR-Tools INFEASIBLE z time windows (N=6, pairs=1), retry bez constraints
V3.27.1 OR-Tools INFEASIBLE z time windows (N=14, pairs=6), retry bez constraints
V3.27.1 OR-Tools INFEASIBLE z time windows (N=9, pairs=3), retry bez constraints
V3.27.1 OR-Tools INFEASIBLE z time windows (N=12, pairs=4), retry bez constraints
V3.27.1 OR-Tools INFEASIBLE z time windows (N=10, pairs=2), retry bez constraints
V3.27.1 OR-Tools INFEASIBLE z time windows (N=12, pairs=5), retry bez constraints
V3.27.1 OR-Tools INFEASIBLE z time windows (N=13, pairs=6), retry bez constraints
V3.27.1 OR-Tools INFEASIBLE z time windows (N=11, pairs=5), retry bez constraints
V3.27.1 OR-Tools INFEASIBLE z time windows (N=13, pairs=6), retry bez constraints
V3.27.1 OR-Tools INFEASIBLE z time windows (N=10, pairs=4), retry bez constraints
V3.27.1 OR-Tools INFEASIBLE z time windows (N=13, pairs=6), retry bez constraints
V3.27.1 OR-Tools INFEASIBLE z time windows (N=8, pairs=2), retry bez constraints
V3.27.1 OR-Tools INFEASIBLE z time windows (N=11, pairs=5), retry bez constraints
V3.27.1 OR-Tools INFEASIBLE z time windows (N=13, pairs=6), retry bez constraints
V3.27.1 OR-Tools INFEASIBLE z time windows (N=11, pairs=4), retry bez constraints
V3.27.1 OR-Tools INFEASIBLE z time windows (N=9, pairs=4), retry bez constraints
V3.27.1 OR-Tools INFEASIBLE z time windows (N=11, pairs=5), retry bez constraints
V3.27.1 OR-Tools INFEASIBLE z time windows (N=11, pairs=5), retry bez constraints
V3.27.1 OR-Tools INFEASIBLE z time windows (N=10, pairs=4), retry bez constraints
V3.27.1 OR-Tools INFEASIBLE z time windows (N=10, pairs=3), retry bez constraints
V3.27.1 OR-Tools INFEASIBLE z time windows (N=11, pairs=4), retry bez constraints
V3.27.1 OR-Tools INFEASIBLE z time windows (N=11, pairs=4), retry bez constraints
V3.27.1 OR-Tools INFEASIBLE z time windows (N=7, pairs=2), retry bez constraints
V3.27.1 OR-Tools INFEASIBLE z time windows (N=9, pairs=4), retry bez constraints
V3.27.1 OR-Tools INFEASIBLE z time windows (N=11, pairs=5), retry bez constraints
V3.27.1 OR-Tools INFEASIBLE z time windows (N=10, pairs=4), retry bez constraints
V3.27.1 OR-Tools INFEASIBLE z time windows (N=7, pairs=2), retry bez constraints
V3.27.1 OR-Tools INFEASIBLE z time windows (N=8, pairs=3), retry bez constraints
V3.27.1 OR-Tools INFEASIBLE z time windows (N=7, pairs=2), retry bez constraints
V3.27.1 OR-Tools INFEASIBLE z time windows (N=7, pairs=2), retry bez constraints
V3.27.1 OR-Tools INFEASIBLE z time windows (N=8, pairs=3), retry bez constraints
V3.27.1 OR-Tools INFEASIBLE z time windows (N=8, pairs=3), retry bez constraints
V3.27.1 OR-Tools INFEASIBLE z time windows (N=8, pairs=3), retry bez constraints
V3.27.1 OR-Tools INFEASIBLE z time windows (N=10, pairs=4), retry bez constraints
V3.27.1 OR-Tools INFEASIBLE z time windows (N=7, pairs=2), retry bez constraints
V3.27.1 OR-Tools INFEASIBLE z time windows (N=8, pairs=3), retry bez constraints
V3.27.1 OR-Tools INFEASIBLE z time windows (N=13, pairs=6), retry bez constraints
V3.27.1 OR-Tools INFEASIBLE z time windows (N=11, pairs=4), retry bez constraints
V3.27.1 OR-Tools INFEASIBLE z time windows (N=8, pairs=3), retry bez constraints
V3.27.1 OR-Tools INFEASIBLE z time windows (N=10, pairs=3), retry bez constraints
V3.27.1 OR-Tools INFEASIBLE z time windows (N=8, pairs=2), retry bez constraints
V3.27.1 OR-Tools INFEASIBLE z time windows (N=9, pairs=3), retry bez constraints
V3.27.1 OR-Tools INFEASIBLE z time windows (N=8, pairs=3), retry bez constraints
V3.27.1 OR-Tools INFEASIBLE z time windows (N=8, pairs=3), retry bez constraints
V3.27.1 OR-Tools INFEASIBLE z time windows (N=9, pairs=4), retry bez constraints
V3.27.1 OR-Tools INFEASIBLE z time windows (N=9, pairs=3), retry bez constraints
V3.27.1 OR-Tools INFEASIBLE z time windows (N=8, pairs=3), retry bez constraints
V3.27.1 OR-Tools INFEASIBLE z time windows (N=9, pairs=4), retry bez constraints
V3.27.1 OR-Tools INFEASIBLE z time windows (N=9, pairs=4), retry bez constraints
V3.27.1 OR-Tools INFEASIBLE z time windows (N=9, pairs=4), retry bez constraints
V3.27.1 OR-Tools INFEASIBLE z time windows (N=10, pairs=4), retry bez constraints
V3.27.1 OR-Tools INFEASIBLE z time windows (N=8, pairs=3), retry bez constraints
V3.27.1 OR-Tools INFEASIBLE z time windows (N=8, pairs=3), retry bez constraints
V3.27.1 OR-Tools INFEASIBLE z time windows (N=7, pairs=2), retry bez constraints
V3.27.1 OR-Tools INFEASIBLE z time windows (N=7, pairs=2), retry bez constraints
[f4] 300/1500 n=298 new_reg=0 changed=22
V3.27.1 OR-Tools INFEASIBLE z time windows (N=9, pairs=4), retry bez constraints
V3.27.1 OR-Tools INFEASIBLE z time windows (N=10, pairs=4), retry bez constraints
V3.27.1 OR-Tools INFEASIBLE z time windows (N=11, pairs=5), retry bez constraints
V3.27.1 OR-Tools INFEASIBLE z time windows (N=10, pairs=4), retry bez constraints
V3.27.1 OR-Tools INFEASIBLE z time windows (N=7, pairs=2), retry bez constraints
V3.27.1 OR-Tools INFEASIBLE z time windows (N=8, pairs=3), retry bez constraints
V3.27.1 OR-Tools INFEASIBLE z time windows (N=10, pairs=4), retry bez constraints
V3.27.1 OR-Tools INFEASIBLE z time windows (N=8, pairs=3), retry bez constraints
V3.27.1 OR-Tools INFEASIBLE z time windows (N=9, pairs=4), retry bez constraints
V3.27.1 OR-Tools INFEASIBLE z time windows (N=9, pairs=4), retry bez constraints
V3.27.1 OR-Tools INFEASIBLE z time windows (N=9, pairs=4), retry bez constraints
V3.27.1 OR-Tools INFEASIBLE z time windows (N=9, pairs=4), retry bez constraints
V3.27.1 OR-Tools INFEASIBLE z time windows (N=12, pairs=5), retry bez constraints
V3.27.1 OR-Tools INFEASIBLE z time windows (N=9, pairs=4), retry bez constraints
V3.27.1 OR-Tools INFEASIBLE z time windows (N=10, pairs=4), retry bez constraints
V3.27.1 OR-Tools INFEASIBLE z time windows (N=9, pairs=4), retry bez constraints
V3.27.1 OR-Tools INFEASIBLE z time windows (N=7, pairs=2), retry bez constraints
V3.27.1 OR-Tools INFEASIBLE z time windows (N=8, pairs=3), retry bez constraints
V3.27.1 OR-Tools INFEASIBLE z time windows (N=13, pairs=5), retry bez constraints
V3.27.1 OR-Tools INFEASIBLE z time windows (N=13, pairs=5), retry bez constraints
V3.27.1 OR-Tools INFEASIBLE z time windows (N=13, pairs=5), retry bez constraints
V3.27.1 OR-Tools INFEASIBLE z time windows (N=9, pairs=4), retry bez constraints
V3.27.1 OR-Tools INFEASIBLE z time windows (N=10, pairs=4), retry bez constraints
V3.27.1 OR-Tools INFEASIBLE z time windows (N=13, pairs=6), retry bez constraints
V3.27.1 OR-Tools INFEASIBLE z time windows (N=11, pairs=4), retry bez constraints
V3.27.1 OR-Tools INFEASIBLE z time windows (N=7, pairs=2), retry bez constraints
V3.27.1 OR-Tools INFEASIBLE z time windows (N=9, pairs=3), retry bez constraints
V3.27.1 OR-Tools INFEASIBLE z time windows (N=9, pairs=4), retry bez constraints
V3.27.1 OR-Tools INFEASIBLE z time windows (N=9, pairs=3), retry bez constraints
V3.27.1 OR-Tools INFEASIBLE z time windows (N=10, pairs=3), retry bez constraints
V3.27.1 OR-Tools INFEASIBLE z time windows (N=8, pairs=2), retry bez constraints
V3.27.1 OR-Tools INFEASIBLE z time windows (N=9, pairs=3), retry bez constraints
V3.27.1 OR-Tools INFEASIBLE z time windows (N=8, pairs=3), retry bez constraints
V3.27.1 OR-Tools INFEASIBLE z time windows (N=9, pairs=3), retry bez constraints
V3.27.1 OR-Tools INFEASIBLE z time windows (N=11, pairs=4), retry bez constraints
V3.27.1 OR-Tools INFEASIBLE z time windows (N=10, pairs=4), retry bez constraints
V3.27.1 OR-Tools INFEASIBLE z time windows (N=11, pairs=4), retry bez constraints
V3.27.1 OR-Tools INFEASIBLE z time windows (N=10, pairs=3), retry bez constraints
V3.27.1 OR-Tools INFEASIBLE z time windows (N=10, pairs=4), retry bez constraints
V3.27.1 OR-Tools INFEASIBLE z time windows (N=10, pairs=3), retry bez constraints
V3.27.1 OR-Tools INFEASIBLE z time windows (N=11, pairs=4), retry bez constraints
V3.27.1 OR-Tools INFEASIBLE z time windows (N=7, pairs=2), retry bez constraints
V3.27.1 OR-Tools INFEASIBLE z time windows (N=13, pairs=5), retry bez constraints
V3.27.1 OR-Tools INFEASIBLE z time windows (N=9, pairs=4), retry bez constraints
V3.27.1 OR-Tools INFEASIBLE z time windows (N=10, pairs=4), retry bez constraints
V3.27.1 OR-Tools INFEASIBLE z time windows (N=10, pairs=4), retry bez constraints
V3.27.1 OR-Tools INFEASIBLE z time windows (N=9, pairs=4), retry bez constraints
V3.27.1 OR-Tools INFEASIBLE z time windows (N=7, pairs=2), retry bez constraints
V3.27.1 OR-Tools INFEASIBLE z time windows (N=11, pairs=4), retry bez constraints
V3.27.1 OR-Tools INFEASIBLE z time windows (N=10, pairs=4), retry bez constraints
V3.27.1 OR-Tools INFEASIBLE z time windows (N=9, pairs=4), retry bez constraints
V3.27.1 OR-Tools INFEASIBLE z time windows (N=11, pairs=5), retry bez constraints
V3.27.1 OR-Tools INFEASIBLE z time windows (N=10, pairs=4), retry bez constraints
V3.27.1 OR-Tools INFEASIBLE z time windows (N=8, pairs=3), retry bez constraints
V3.27.1 OR-Tools INFEASIBLE z time windows (N=9, pairs=4), retry bez constraints
V3.27.1 OR-Tools INFEASIBLE z time windows (N=8, pairs=3), retry bez constraints
V3.27.1 OR-Tools INFEASIBLE z time windows (N=7, pairs=2), retry bez constraints
V3.27.1 OR-Tools INFEASIBLE z time windows (N=6, pairs=1), retry bez constraints
V3.27.1 OR-Tools INFEASIBLE z time windows (N=7, pairs=1), retry bez constraints
V3.27.1 OR-Tools INFEASIBLE z time windows (N=7, pairs=1), retry bez constraints
V3.27.1 OR-Tools INFEASIBLE z time windows (N=7, pairs=1), retry bez constraints
V3.27.1 OR-Tools INFEASIBLE z time windows (N=10, pairs=4), retry bez constraints
V3.27.1 OR-Tools INFEASIBLE z time windows (N=10, pairs=4), retry bez constraints
V3.27.1 OR-Tools INFEASIBLE z time windows (N=8, pairs=3), retry bez constraints
V3.27.1 OR-Tools INFEASIBLE z time windows (N=8, pairs=3), retry bez constraints
V3.27.1 OR-Tools INFEASIBLE z time windows (N=9, pairs=4), retry bez constraints
V3.27.1 OR-Tools INFEASIBLE z time windows (N=8, pairs=3), retry bez constraints
V3.27.1 OR-Tools INFEASIBLE z time windows (N=6, pairs=1), retry bez constraints
V3.27.1 OR-Tools INFEASIBLE z time windows (N=6, pairs=1), retry bez constraints
V3.27.1 OR-Tools INFEASIBLE z time windows (N=6, pairs=1), retry bez constraints
V3.27.1 OR-Tools INFEASIBLE z time windows (N=7, pairs=2), retry bez constraints
V3.27.1 OR-Tools INFEASIBLE z time windows (N=9, pairs=4), retry bez constraints
V3.27.1 OR-Tools INFEASIBLE z time windows (N=6, pairs=1), retry bez constraints
V3.27.1 OR-Tools INFEASIBLE z time windows (N=7, pairs=2), retry bez constraints
V3.27.1 OR-Tools INFEASIBLE z time windows (N=7, pairs=2), retry bez constraints
V3.27.1 OR-Tools INFEASIBLE z time windows (N=7, pairs=2), retry bez constraints
V3.27.1 OR-Tools INFEASIBLE z time windows (N=10, pairs=4), retry bez constraints
V3.27.1 OR-Tools INFEASIBLE z time windows (N=9, pairs=4), retry bez constraints
V3.27.1 OR-Tools INFEASIBLE z time windows (N=12, pairs=5), retry bez constraints
V3.27.1 OR-Tools INFEASIBLE z time windows (N=11, pairs=4), retry bez constraints
V3.27.1 OR-Tools INFEASIBLE z time windows (N=8, pairs=3), retry bez constraints
V3.27.1 OR-Tools INFEASIBLE z time windows (N=8, pairs=3), retry bez constraints
V3.27.1 OR-Tools INFEASIBLE z time windows (N=11, pairs=4), retry bez constraints
V3.27.1 OR-Tools INFEASIBLE z time windows (N=11, pairs=5), retry bez constraints
V3.27.1 OR-Tools INFEASIBLE z time windows (N=8, pairs=3), retry bez constraints
V3.27.1 OR-Tools INFEASIBLE z time windows (N=11, pairs=5), retry bez constraints
V3.27.1 OR-Tools INFEASIBLE z time windows (N=8, pairs=3), retry bez constraints
V3.27.1 OR-Tools INFEASIBLE z time windows (N=8, pairs=3), retry bez constraints
V3.27.1 OR-Tools INFEASIBLE z time windows (N=8, pairs=3), retry bez constraints
V3.27.1 OR-Tools INFEASIBLE z time windows (N=8, pairs=3), retry bez constraints
V3.27.1 OR-Tools INFEASIBLE z time windows (N=15, pairs=7), retry bez constraints
OR-Tools no sequence: status=ROUTING_FAIL elapsed=191.79ms warnings=['INFEASIBLE: solver returned None']
OR-Tools INFEASIBLE for bag_size=6, falling back to greedy
V3.27.1 OR-Tools INFEASIBLE z time windows (N=8, pairs=3), retry bez constraints
V3.27.1 OR-Tools INFEASIBLE z time windows (N=11, pairs=3), retry bez constraints
V3.27.1 OR-Tools INFEASIBLE z time windows (N=9, pairs=3), retry bez constraints
V3.27.1 OR-Tools INFEASIBLE z time windows (N=9, pairs=3), retry bez constraints
V3.27.1 OR-Tools INFEASIBLE z time windows (N=13, pairs=5), retry bez constraints
V3.27.1 OR-Tools INFEASIBLE z time windows (N=15, pairs=6), retry bez constraints
V3.27.1 OR-Tools INFEASIBLE z time windows (N=9, pairs=3), retry bez constraints
V3.27.1 OR-Tools INFEASIBLE z time windows (N=6, pairs=1), retry bez constraints
V3.27.1 OR-Tools INFEASIBLE z time windows (N=6, pairs=1), retry bez constraints
V3.27.1 OR-Tools INFEASIBLE z time windows (N=11, pairs=5), retry bez constraints
V3.27.1 OR-Tools INFEASIBLE z time windows (N=8, pairs=3), retry bez constraints
V3.27.1 OR-Tools INFEASIBLE z time windows (N=11, pairs=5), retry bez constraints
V3.27.1 OR-Tools INFEASIBLE z time windows (N=11, pairs=4), retry bez constraints
V3.27.1 OR-Tools INFEASIBLE z time windows (N=7, pairs=2), retry bez constraints
V3.27.1 OR-Tools INFEASIBLE z time windows (N=8, pairs=2), retry bez constraints
V3.27.1 OR-Tools INFEASIBLE z time windows (N=9, pairs=4), retry bez constraints
V3.27.1 OR-Tools INFEASIBLE z time windows (N=8, pairs=3), retry bez constraints
V3.27.1 OR-Tools INFEASIBLE z time windows (N=7, pairs=1), retry bez constraints
V3.27.1 OR-Tools INFEASIBLE z time windows (N=9, pairs=4), retry bez constraints
V3.27.1 OR-Tools INFEASIBLE z time windows (N=11, pairs=4), retry bez constraints
V3.27.1 OR-Tools INFEASIBLE z time windows (N=7, pairs=1), retry bez constraints
V3.27.1 OR-Tools INFEASIBLE z time windows (N=8, pairs=3), retry bez constraints
V3.27.1 OR-Tools INFEASIBLE z time windows (N=8, pairs=3), retry bez constraints
V3.27.1 OR-Tools INFEASIBLE z time windows (N=7, pairs=2), retry bez constraints
V3.27.1 OR-Tools INFEASIBLE z time windows (N=11, pairs=4), retry bez constraints
V3.27.1 OR-Tools INFEASIBLE z time windows (N=11, pairs=4), retry bez constraints
V3.27.1 OR-Tools INFEASIBLE z time windows (N=8, pairs=3), retry bez constraints
V3.27.1 OR-Tools INFEASIBLE z time windows (N=8, pairs=3), retry bez constraints
V3.27.1 OR-Tools INFEASIBLE z time windows (N=8, pairs=2), retry bez constraints
V3.27.1 OR-Tools INFEASIBLE z time windows (N=10, pairs=3), retry bez constraints
V3.27.1 OR-Tools INFEASIBLE z time windows (N=11, pairs=4), retry bez constraints
V3.27.1 OR-Tools INFEASIBLE z time windows (N=12, pairs=5), retry bez constraints
V3.27.1 OR-Tools INFEASIBLE z time windows (N=9, pairs=3), retry bez constraints
V3.27.1 OR-Tools INFEASIBLE z time windows (N=8, pairs=2), retry bez constraints
V3.27.1 OR-Tools INFEASIBLE z time windows (N=12, pairs=5), retry bez constraints
V3.27.1 OR-Tools INFEASIBLE z time windows (N=7, pairs=2), retry bez constraints
V3.27.1 OR-Tools INFEASIBLE z time windows (N=9, pairs=4), retry bez constraints
V3.27.1 OR-Tools INFEASIBLE z time windows (N=12, pairs=4), retry bez constraints
V3.27.1 OR-Tools INFEASIBLE z time windows (N=13, pairs=5), retry bez constraints
V3.27.1 OR-Tools INFEASIBLE z time windows (N=11, pairs=4), retry bez constraints
V3.27.1 OR-Tools INFEASIBLE z time windows (N=8, pairs=2), retry bez constraints
V3.27.1 OR-Tools INFEASIBLE z time windows (N=10, pairs=4), retry bez constraints
V3.27.1 OR-Tools INFEASIBLE z time windows (N=10, pairs=4), retry bez constraints
V3.27.1 OR-Tools INFEASIBLE z time windows (N=8, pairs=3), retry bez constraints
V3.27.1 OR-Tools INFEASIBLE z time windows (N=6, pairs=1), retry bez constraints
V3.27.1 OR-Tools INFEASIBLE z time windows (N=9, pairs=3), retry bez constraints
V3.27.1 OR-Tools INFEASIBLE z time windows (N=12, pairs=5), retry bez constraints
V3.27.1 OR-Tools INFEASIBLE z time windows (N=11, pairs=5), retry bez constraints
V3.27.1 OR-Tools INFEASIBLE z time windows (N=8, pairs=3), retry bez constraints
V3.27.1 OR-Tools INFEASIBLE z time windows (N=8, pairs=3), retry bez constraints
V3.27.1 OR-Tools INFEASIBLE z time windows (N=8, pairs=3), retry bez constraints
OBJ_FOODAGE_HARDSLA_FALLBACK_OFF realny sla_on=1>0=base (rozjazd time↔realizacja) → plan base
V3.27.1 OR-Tools INFEASIBLE z time windows (N=8, pairs=3), retry bez constraints
V3.27.1 OR-Tools INFEASIBLE z time windows (N=9, pairs=4), retry bez constraints
V3.27.1 OR-Tools INFEASIBLE z time windows (N=7, pairs=2), retry bez constraints
V3.27.1 OR-Tools INFEASIBLE z time windows (N=8, pairs=2), retry bez constraints
V3.27.1 OR-Tools INFEASIBLE z time windows (N=9, pairs=3), retry bez constraints
V3.27.1 OR-Tools INFEASIBLE z time windows (N=9, pairs=4), retry bez constraints
V3.27.1 OR-Tools INFEASIBLE z time windows (N=10, pairs=4), retry bez constraints
V3.27.1 OR-Tools INFEASIBLE z time windows (N=10, pairs=4), retry bez constraints
V3.27.1 OR-Tools INFEASIBLE z time windows (N=9, pairs=3), retry bez constraints
V3.27.1 OR-Tools INFEASIBLE z time windows (N=8, pairs=3), retry bez constraints
V3.27.1 OR-Tools INFEASIBLE z time windows (N=9, pairs=4), retry bez constraints
V3.27.1 OR-Tools INFEASIBLE z time windows (N=7, pairs=2), retry bez constraints
V3.27.1 OR-Tools INFEASIBLE z time windows (N=7, pairs=2), retry bez constraints
V3.27.1 OR-Tools INFEASIBLE z time windows (N=8, pairs=3), retry bez constraints
V3.27.1 OR-Tools INFEASIBLE z time windows (N=7, pairs=2), retry bez constraints
V3.27.1 OR-Tools INFEASIBLE z time windows (N=9, pairs=4), retry bez constraints
V3.27.1 OR-Tools INFEASIBLE z time windows (N=8, pairs=3), retry bez constraints
V3.27.1 OR-Tools INFEASIBLE z time windows (N=9, pairs=3), retry bez constraints
V3.27.1 OR-Tools INFEASIBLE z time windows (N=8, pairs=3), retry bez constraints
V3.27.1 OR-Tools INFEASIBLE z time windows (N=8, pairs=3), retry bez constraints
V3.27.1 OR-Tools INFEASIBLE z time windows (N=9, pairs=4), retry bez constraints
V3.27.1 OR-Tools INFEASIBLE z time windows (N=9, pairs=4), retry bez constraints
V3.27.1 OR-Tools INFEASIBLE z time windows (N=11, pairs=5), retry bez constraints
V3.27.1 OR-Tools INFEASIBLE z time windows (N=10, pairs=3), retry bez constraints
V3.27.1 OR-Tools INFEASIBLE z time windows (N=7, pairs=1), retry bez constraints
V3.27.1 OR-Tools INFEASIBLE z time windows (N=8, pairs=3), retry bez constraints
V3.27.1 OR-Tools INFEASIBLE z time windows (N=8, pairs=3), retry bez constraints
V3.27.1 OR-Tools INFEASIBLE z time windows (N=9, pairs=3), retry bez constraints
V3.27.1 OR-Tools INFEASIBLE z time windows (N=8, pairs=3), retry bez constraints
V3.27.1 OR-Tools INFEASIBLE z time windows (N=8, pairs=3), retry bez constraints
V3.27.1 OR-Tools INFEASIBLE z time windows (N=8, pairs=3), retry bez constraints
V3.27.1 OR-Tools INFEASIBLE z time windows (N=9, pairs=3), retry bez constraints
V3.27.1 OR-Tools INFEASIBLE z time windows (N=8, pairs=3), retry bez constraints
V3.27.1 OR-Tools INFEASIBLE z time windows (N=7, pairs=2), retry bez constraints
V3.27.1 OR-Tools INFEASIBLE z time windows (N=8, pairs=3), retry bez constraints
V3.27.1 OR-Tools INFEASIBLE z time windows (N=9, pairs=4), retry bez constraints
V3.27.1 OR-Tools INFEASIBLE z time windows (N=8, pairs=3), retry bez constraints
V3.27.1 OR-Tools INFEASIBLE z time windows (N=8, pairs=3), retry bez constraints
V3.27.1 OR-Tools INFEASIBLE z time windows (N=8, pairs=3), retry bez constraints
V3.27.1 OR-Tools INFEASIBLE z time windows (N=12, pairs=5), retry bez constraints
V3.27.1 OR-Tools INFEASIBLE z time windows (N=6, pairs=1), retry bez constraints
V3.27.1 OR-Tools INFEASIBLE z time windows (N=10, pairs=4), retry bez constraints
V3.27.1 OR-Tools INFEASIBLE z time windows (N=9, pairs=4), retry bez constraints
V3.27.1 OR-Tools INFEASIBLE z time windows (N=9, pairs=4), retry bez constraints
V3.27.1 OR-Tools INFEASIBLE z time windows (N=9, pairs=3), retry bez constraints
V3.27.1 OR-Tools INFEASIBLE z time windows (N=8, pairs=2), retry bez constraints
V3.27.1 OR-Tools INFEASIBLE z time windows (N=10, pairs=4), retry bez constraints
V3.27.1 OR-Tools INFEASIBLE z time windows (N=9, pairs=3), retry bez constraints
V3.27.1 OR-Tools INFEASIBLE z time windows (N=7, pairs=2), retry bez constraints
V3.27.1 OR-Tools INFEASIBLE z time windows (N=9, pairs=3), retry bez constraints
V3.27.1 OR-Tools INFEASIBLE z time windows (N=9, pairs=4), retry bez constraints
V3.27.1 OR-Tools INFEASIBLE z time windows (N=9, pairs=4), retry bez constraints
V3.27.1 OR-Tools INFEASIBLE z time windows (N=8, pairs=3), retry bez constraints
V3.27.1 OR-Tools INFEASIBLE z time windows (N=8, pairs=3), retry bez constraints
V3.27.1 OR-Tools INFEASIBLE z time windows (N=8, pairs=3), retry bez constraints
[f4] 600/1500 n=597 new_reg=0 changed=51
V3.27.1 OR-Tools INFEASIBLE z time windows (N=8, pairs=3), retry bez constraints
V3.27.1 OR-Tools INFEASIBLE z time windows (N=9, pairs=3), retry bez constraints
V3.27.1 OR-Tools INFEASIBLE z time windows (N=8, pairs=3), retry bez constraints
V3.27.1 OR-Tools INFEASIBLE z time windows (N=10, pairs=4), retry bez constraints
V3.27.1 OR-Tools INFEASIBLE z time windows (N=10, pairs=4), retry bez constraints
V3.27.1 OR-Tools INFEASIBLE z time windows (N=10, pairs=4), retry bez constraints
V3.27.1 OR-Tools INFEASIBLE z time windows (N=9, pairs=4), retry bez constraints
V3.27.1 OR-Tools INFEASIBLE z time windows (N=13, pairs=6), retry bez constraints
V3.27.1 OR-Tools INFEASIBLE z time windows (N=13, pairs=6), retry bez constraints
V3.27.1 OR-Tools INFEASIBLE z time windows (N=8, pairs=3), retry bez constraints
V3.27.1 OR-Tools INFEASIBLE z time windows (N=13, pairs=6), retry bez constraints
V3.27.1 OR-Tools INFEASIBLE z time windows (N=8, pairs=3), retry bez constraints
V3.27.1 OR-Tools INFEASIBLE z time windows (N=11, pairs=4), retry bez constraints
V3.27.1 OR-Tools INFEASIBLE z time windows (N=11, pairs=4), retry bez constraints
V3.27.1 OR-Tools INFEASIBLE z time windows (N=6, pairs=1), retry bez constraints
V3.27.1 OR-Tools INFEASIBLE z time windows (N=9, pairs=3), retry bez constraints
V3.27.1 OR-Tools INFEASIBLE z time windows (N=10, pairs=4), retry bez constraints
V3.27.1 OR-Tools INFEASIBLE z time windows (N=9, pairs=3), retry bez constraints
2026-06-18 14:08:59 [ERROR] osrm_client: COORD_GUARD #1: table 2 invalid coord(s) [(0.0, 0.0), (0.0, 0.0)] → sentinel cells 9999.0min
V3.27.1 OR-Tools INFEASIBLE z time windows (N=10, pairs=4), retry bez constraints
OR-Tools no sequence: status=ROUTING_FAIL elapsed=1.84ms warnings=['INFEASIBLE: solver returned None']
OR-Tools INFEASIBLE for bag_size=4, falling back to greedy
V3.27.1 OR-Tools INFEASIBLE z time windows (N=15, pairs=7), retry bez constraints
2026-06-18 14:09:02 [ERROR] osrm_client: COORD_GUARD #2: table 2 invalid coord(s) [(0.0, 0.0), (0.0, 0.0)] → sentinel cells 9999.0min
V3.27.1 OR-Tools INFEASIBLE z time windows (N=9, pairs=4), retry bez constraints
OR-Tools no sequence: status=ROUTING_FAIL elapsed=1.63ms warnings=['INFEASIBLE: solver returned None']
OR-Tools INFEASIBLE for bag_size=3, falling back to greedy
V3.27.1 OR-Tools INFEASIBLE z time windows (N=7, pairs=2), retry bez constraints
2026-06-18 14:09:03 [ERROR] osrm_client: COORD_GUARD #3: table 2 invalid coord(s) [(0.0, 0.0), (0.0, 0.0)] → sentinel cells 9999.0min
V3.27.1 OR-Tools INFEASIBLE z time windows (N=7, pairs=2), retry bez constraints
OR-Tools no sequence: status=ROUTING_FAIL elapsed=1.09ms warnings=['INFEASIBLE: solver returned None']
OR-Tools INFEASIBLE for bag_size=3, falling back to greedy
V3.27.1 OR-Tools INFEASIBLE z time windows (N=9, pairs=4), retry bez constraints
V3.27.1 OR-Tools INFEASIBLE z time windows (N=8, pairs=3), retry bez constraints
V3.27.1 OR-Tools INFEASIBLE z time windows (N=7, pairs=2), retry bez constraints
V3.27.1 OR-Tools INFEASIBLE z time windows (N=13, pairs=5), retry bez constraints
V3.27.1 OR-Tools INFEASIBLE z time windows (N=8, pairs=2), retry bez constraints
V3.27.1 OR-Tools INFEASIBLE z time windows (N=7, pairs=2), retry bez constraints
V3.27.1 OR-Tools INFEASIBLE z time windows (N=9, pairs=4), retry bez constraints
V3.27.1 OR-Tools INFEASIBLE z time windows (N=11, pairs=5), retry bez constraints
V3.27.1 OR-Tools INFEASIBLE z time windows (N=11, pairs=5), retry bez constraints
V3.27.1 OR-Tools INFEASIBLE z time windows (N=11, pairs=5), retry bez constraints
V3.27.1 OR-Tools INFEASIBLE z time windows (N=9, pairs=4), retry bez constraints
V3.27.1 OR-Tools INFEASIBLE z time windows (N=8, pairs=3), retry bez constraints
V3.27.1 OR-Tools INFEASIBLE z time windows (N=11, pairs=5), retry bez constraints
V3.27.1 OR-Tools INFEASIBLE z time windows (N=9, pairs=3), retry bez constraints
OR-Tools no sequence: status=ROUTING_FAIL elapsed=118.62ms warnings=['INFEASIBLE: solver returned None']
OR-Tools INFEASIBLE for bag_size=4, falling back to greedy
V3.27.1 OR-Tools INFEASIBLE z time windows (N=6, pairs=1), retry bez constraints
V3.27.1 OR-Tools INFEASIBLE z time windows (N=6, pairs=1), retry bez constraints
V3.27.1 OR-Tools INFEASIBLE z time windows (N=9, pairs=4), retry bez constraints
V3.27.1 OR-Tools INFEASIBLE z time windows (N=9, pairs=4), retry bez constraints
V3.27.1 OR-Tools INFEASIBLE z time windows (N=9, pairs=4), retry bez constraints
V3.27.1 OR-Tools INFEASIBLE z time windows (N=9, pairs=3), retry bez constraints
OR-Tools no sequence: status=ROUTING_FAIL elapsed=190.83ms warnings=['INFEASIBLE: solver returned None']
OR-Tools INFEASIBLE for bag_size=4, falling back to greedy
V3.27.1 OR-Tools INFEASIBLE z time windows (N=8, pairs=3), retry bez constraints
V3.27.1 OR-Tools INFEASIBLE z time windows (N=10, pairs=3), retry bez constraints
V3.27.1 OR-Tools INFEASIBLE z time windows (N=11, pairs=5), retry bez constraints
V3.27.1 OR-Tools INFEASIBLE z time windows (N=11, pairs=5), retry bez constraints
V3.27.1 OR-Tools INFEASIBLE z time windows (N=8, pairs=3), retry bez constraints
V3.27.1 OR-Tools INFEASIBLE z time windows (N=12, pairs=5), retry bez constraints
V3.27.1 OR-Tools INFEASIBLE z time windows (N=8, pairs=3), retry bez constraints
V3.27.1 OR-Tools INFEASIBLE z time windows (N=8, pairs=3), retry bez constraints
V3.27.1 OR-Tools INFEASIBLE z time windows (N=10, pairs=4), retry bez constraints
V3.27.1 OR-Tools INFEASIBLE z time windows (N=9, pairs=2), retry bez constraints
V3.27.1 OR-Tools INFEASIBLE z time windows (N=7, pairs=2), retry bez constraints
V3.27.1 OR-Tools INFEASIBLE z time windows (N=7, pairs=2), retry bez constraints
V3.27.1 OR-Tools INFEASIBLE z time windows (N=7, pairs=1), retry bez constraints
V3.27.1 OR-Tools INFEASIBLE z time windows (N=11, pairs=4), retry bez constraints
V3.27.1 OR-Tools INFEASIBLE z time windows (N=9, pairs=3), retry bez constraints
V3.27.1 OR-Tools INFEASIBLE z time windows (N=9, pairs=4), retry bez constraints
V3.27.1 OR-Tools INFEASIBLE z time windows (N=6, pairs=1), retry bez constraints
V3.27.1 OR-Tools INFEASIBLE z time windows (N=7, pairs=2), retry bez constraints
V3.27.1 OR-Tools INFEASIBLE z time windows (N=8, pairs=3), retry bez constraints
V3.27.1 OR-Tools INFEASIBLE z time windows (N=9, pairs=4), retry bez constraints
V3.27.1 OR-Tools INFEASIBLE z time windows (N=10, pairs=4), retry bez constraints
V3.27.1 OR-Tools INFEASIBLE z time windows (N=9, pairs=4), retry bez constraints
V3.27.1 OR-Tools INFEASIBLE z time windows (N=7, pairs=2), retry bez constraints
V3.27.1 OR-Tools INFEASIBLE z time windows (N=8, pairs=3), retry bez constraints
V3.27.1 OR-Tools INFEASIBLE z time windows (N=8, pairs=3), retry bez constraints
V3.27.1 OR-Tools INFEASIBLE z time windows (N=7, pairs=2), retry bez constraints
V3.27.1 OR-Tools INFEASIBLE z time windows (N=9, pairs=3), retry bez constraints
V3.27.1 OR-Tools INFEASIBLE z time windows (N=7, pairs=2), retry bez constraints
V3.27.1 OR-Tools INFEASIBLE z time windows (N=6, pairs=1), retry bez constraints
V3.27.1 OR-Tools INFEASIBLE z time windows (N=7, pairs=2), retry bez constraints
V3.27.1 OR-Tools INFEASIBLE z time windows (N=9, pairs=4), retry bez constraints
V3.27.1 OR-Tools INFEASIBLE z time windows (N=7, pairs=2), retry bez constraints
V3.27.1 OR-Tools INFEASIBLE z time windows (N=7, pairs=2), retry bez constraints
V3.27.1 OR-Tools INFEASIBLE z time windows (N=9, pairs=3), retry bez constraints
V3.27.1 OR-Tools INFEASIBLE z time windows (N=6, pairs=1), retry bez constraints
V3.27.1 OR-Tools INFEASIBLE z time windows (N=9, pairs=3), retry bez constraints
V3.27.1 OR-Tools INFEASIBLE z time windows (N=7, pairs=2), retry bez constraints
V3.27.1 OR-Tools INFEASIBLE z time windows (N=9, pairs=3), retry bez constraints
V3.27.1 OR-Tools INFEASIBLE z time windows (N=11, pairs=5), retry bez constraints
V3.27.1 OR-Tools INFEASIBLE z time windows (N=7, pairs=2), retry bez constraints
V3.27.1 OR-Tools INFEASIBLE z time windows (N=10, pairs=4), retry bez constraints
V3.27.1 OR-Tools INFEASIBLE z time windows (N=7, pairs=2), retry bez constraints
V3.27.1 OR-Tools INFEASIBLE z time windows (N=8, pairs=3), retry bez constraints
V3.27.1 OR-Tools INFEASIBLE z time windows (N=11, pairs=5), retry bez constraints
V3.27.1 OR-Tools INFEASIBLE z time windows (N=8, pairs=3), retry bez constraints
V3.27.1 OR-Tools INFEASIBLE z time windows (N=10, pairs=4), retry bez constraints
V3.27.1 OR-Tools INFEASIBLE z time windows (N=10, pairs=4), retry bez constraints
V3.27.1 OR-Tools INFEASIBLE z time windows (N=9, pairs=3), retry bez constraints
V3.27.1 OR-Tools INFEASIBLE z time windows (N=9, pairs=3), retry bez constraints
V3.27.1 OR-Tools INFEASIBLE z time windows (N=9, pairs=3), retry bez constraints
V3.27.1 OR-Tools INFEASIBLE z time windows (N=9, pairs=3), retry bez constraints
V3.27.1 OR-Tools INFEASIBLE z time windows (N=8, pairs=3), retry bez constraints
V3.27.1 OR-Tools INFEASIBLE z time windows (N=8, pairs=3), retry bez constraints
V3.27.1 OR-Tools INFEASIBLE z time windows (N=8, pairs=3), retry bez constraints
V3.27.1 OR-Tools INFEASIBLE z time windows (N=11, pairs=5), retry bez constraints
V3.27.1 OR-Tools INFEASIBLE z time windows (N=10, pairs=3), retry bez constraints
V3.27.1 OR-Tools INFEASIBLE z time windows (N=10, pairs=4), retry bez constraints
V3.27.1 OR-Tools INFEASIBLE z time windows (N=7, pairs=2), retry bez constraints
V3.27.1 OR-Tools INFEASIBLE z time windows (N=8, pairs=2), retry bez constraints
V3.27.1 OR-Tools INFEASIBLE z time windows (N=11, pairs=4), retry bez constraints
V3.27.1 OR-Tools INFEASIBLE z time windows (N=13, pairs=5), retry bez constraints
V3.27.1 OR-Tools INFEASIBLE z time windows (N=8, pairs=2), retry bez constraints
V3.27.1 OR-Tools INFEASIBLE z time windows (N=13, pairs=6), retry bez constraints
V3.27.1 OR-Tools INFEASIBLE z time windows (N=9, pairs=4), retry bez constraints
V3.27.1 OR-Tools INFEASIBLE z time windows (N=9, pairs=4), retry bez constraints
V3.27.1 OR-Tools INFEASIBLE z time windows (N=11, pairs=3), retry bez constraints
V3.27.1 OR-Tools INFEASIBLE z time windows (N=8, pairs=2), retry bez constraints
V3.27.1 OR-Tools INFEASIBLE z time windows (N=9, pairs=3), retry bez constraints
V3.27.1 OR-Tools INFEASIBLE z time windows (N=9, pairs=4), retry bez constraints
V3.27.1 OR-Tools INFEASIBLE z time windows (N=6, pairs=1), retry bez constraints
V3.27.1 OR-Tools INFEASIBLE z time windows (N=9, pairs=4), retry bez constraints
V3.27.1 OR-Tools INFEASIBLE z time windows (N=8, pairs=3), retry bez constraints
V3.27.1 OR-Tools INFEASIBLE z time windows (N=8, pairs=3), retry bez constraints
V3.27.1 OR-Tools INFEASIBLE z time windows (N=8, pairs=3), retry bez constraints
V3.27.1 OR-Tools INFEASIBLE z time windows (N=6, pairs=1), retry bez constraints
V3.27.1 OR-Tools INFEASIBLE z time windows (N=7, pairs=2), retry bez constraints
V3.27.1 OR-Tools INFEASIBLE z time windows (N=7, pairs=2), retry bez constraints
V3.27.1 OR-Tools INFEASIBLE z time windows (N=7, pairs=2), retry bez constraints
V3.27.1 OR-Tools INFEASIBLE z time windows (N=6, pairs=1), retry bez constraints
V3.27.1 OR-Tools INFEASIBLE z time windows (N=8, pairs=3), retry bez constraints
V3.27.1 OR-Tools INFEASIBLE z time windows (N=9, pairs=4), retry bez constraints
V3.27.1 OR-Tools INFEASIBLE z time windows (N=8, pairs=2), retry bez constraints
V3.27.1 OR-Tools INFEASIBLE z time windows (N=7, pairs=2), retry bez constraints
V3.27.1 OR-Tools INFEASIBLE z time windows (N=8, pairs=3), retry bez constraints
V3.27.1 OR-Tools INFEASIBLE z time windows (N=9, pairs=4), retry bez constraints
V3.27.1 OR-Tools INFEASIBLE z time windows (N=9, pairs=4), retry bez constraints
V3.27.1 OR-Tools INFEASIBLE z time windows (N=8, pairs=3), retry bez constraints
V3.27.1 OR-Tools INFEASIBLE z time windows (N=9, pairs=4), retry bez constraints
V3.27.1 OR-Tools INFEASIBLE z time windows (N=9, pairs=4), retry bez constraints
V3.27.1 OR-Tools INFEASIBLE z time windows (N=8, pairs=3), retry bez constraints
V3.27.1 OR-Tools INFEASIBLE z time windows (N=10, pairs=4), retry bez constraints
V3.27.1 OR-Tools INFEASIBLE z time windows (N=9, pairs=4), retry bez constraints
V3.27.1 OR-Tools INFEASIBLE z time windows (N=6, pairs=1), retry bez constraints
V3.27.1 OR-Tools INFEASIBLE z time windows (N=7, pairs=2), retry bez constraints
V3.27.1 OR-Tools INFEASIBLE z time windows (N=6, pairs=1), retry bez constraints
V3.27.1 OR-Tools INFEASIBLE z time windows (N=11, pairs=5), retry bez constraints
V3.27.1 OR-Tools INFEASIBLE z time windows (N=10, pairs=4), retry bez constraints
V3.27.1 OR-Tools INFEASIBLE z time windows (N=9, pairs=3), retry bez constraints
V3.27.1 OR-Tools INFEASIBLE z time windows (N=6, pairs=1), retry bez constraints
V3.27.1 OR-Tools INFEASIBLE z time windows (N=8, pairs=3), retry bez constraints
V3.27.1 OR-Tools INFEASIBLE z time windows (N=7, pairs=2), retry bez constraints
V3.27.1 OR-Tools INFEASIBLE z time windows (N=7, pairs=2), retry bez constraints
V3.27.1 OR-Tools INFEASIBLE z time windows (N=7, pairs=2), retry bez constraints
V3.27.1 OR-Tools INFEASIBLE z time windows (N=7, pairs=2), retry bez constraints
V3.27.1 OR-Tools INFEASIBLE z time windows (N=10, pairs=4), retry bez constraints
V3.27.1 OR-Tools INFEASIBLE z time windows (N=9, pairs=3), retry bez constraints
V3.27.1 OR-Tools INFEASIBLE z time windows (N=9, pairs=3), retry bez constraints
V3.27.1 OR-Tools INFEASIBLE z time windows (N=7, pairs=1), retry bez constraints
V3.27.1 OR-Tools INFEASIBLE z time windows (N=6, pairs=1), retry bez constraints
V3.27.1 OR-Tools INFEASIBLE z time windows (N=7, pairs=2), retry bez constraints
V3.27.1 OR-Tools INFEASIBLE z time windows (N=10, pairs=4), retry bez constraints
OR-Tools no sequence: status=ROUTING_FAIL elapsed=191.49ms warnings=['INFEASIBLE: solver returned None']
OR-Tools INFEASIBLE for bag_size=4, falling back to greedy
V3.27.1 OR-Tools INFEASIBLE z time windows (N=9, pairs=2), retry bez constraints
V3.27.1 OR-Tools INFEASIBLE z time windows (N=9, pairs=2), retry bez constraints
V3.27.1 OR-Tools INFEASIBLE z time windows (N=13, pairs=5), retry bez constraints
V3.27.1 OR-Tools INFEASIBLE z time windows (N=8, pairs=3), retry bez constraints
V3.27.1 OR-Tools INFEASIBLE z time windows (N=10, pairs=4), retry bez constraints
V3.27.1 OR-Tools INFEASIBLE z time windows (N=11, pairs=5), retry bez constraints
V3.27.1 OR-Tools INFEASIBLE z time windows (N=11, pairs=5), retry bez constraints
V3.27.1 OR-Tools INFEASIBLE z time windows (N=7, pairs=2), retry bez constraints
V3.27.1 OR-Tools INFEASIBLE z time windows (N=8, pairs=2), retry bez constraints
V3.27.1 OR-Tools INFEASIBLE z time windows (N=12, pairs=5), retry bez constraints
V3.27.1 OR-Tools INFEASIBLE z time windows (N=6, pairs=1), retry bez constraints
V3.27.1 OR-Tools INFEASIBLE z time windows (N=10, pairs=4), retry bez constraints
2026-06-18 14:10:40 [ERROR] osrm_client: COORD_GUARD #4: table 2 invalid coord(s) [(0.0, 0.0), (0.0, 0.0)] → sentinel cells 9999.0min
V3.27.1 OR-Tools INFEASIBLE z time windows (N=14, pairs=6), retry bez constraints
OR-Tools no sequence: status=ROUTING_FAIL elapsed=6.56ms warnings=['INFEASIBLE: solver returned None']
OR-Tools INFEASIBLE for bag_size=6, falling back to greedy
2026-06-18 14:10:40 [ERROR] osrm_client: COORD_GUARD #5: table 2 invalid coord(s) [(0.0, 0.0), (0.0, 0.0)] → sentinel cells 9999.0min
V3.27.1 OR-Tools INFEASIBLE z time windows (N=13, pairs=6), retry bez constraints
OR-Tools no sequence: status=ROUTING_FAIL elapsed=3.02ms warnings=['INFEASIBLE: solver returned None']
OR-Tools INFEASIBLE for bag_size=5, falling back to greedy
V3.27.1 OR-Tools INFEASIBLE z time windows (N=9, pairs=4), retry bez constraints
V3.27.1 OR-Tools INFEASIBLE z time windows (N=8, pairs=3), retry bez constraints
V3.27.1 OR-Tools INFEASIBLE z time windows (N=9, pairs=4), retry bez constraints
V3.27.1 OR-Tools INFEASIBLE z time windows (N=7, pairs=2), retry bez constraints
V3.27.1 OR-Tools INFEASIBLE z time windows (N=10, pairs=4), retry bez constraints
V3.27.1 OR-Tools INFEASIBLE z time windows (N=7, pairs=2), retry bez constraints
V3.27.1 OR-Tools INFEASIBLE z time windows (N=12, pairs=5), retry bez constraints
V3.27.1 OR-Tools INFEASIBLE z time windows (N=10, pairs=4), retry bez constraints
V3.27.1 OR-Tools INFEASIBLE z time windows (N=8, pairs=3), retry bez constraints
V3.27.1 OR-Tools INFEASIBLE z time windows (N=8, pairs=2), retry bez constraints
V3.27.1 OR-Tools INFEASIBLE z time windows (N=6, pairs=1), retry bez constraints
V3.27.1 OR-Tools INFEASIBLE z time windows (N=8, pairs=3), retry bez constraints
V3.27.1 OR-Tools INFEASIBLE z time windows (N=8, pairs=3), retry bez constraints
V3.27.1 OR-Tools INFEASIBLE z time windows (N=11, pairs=4), retry bez constraints
V3.27.1 OR-Tools INFEASIBLE z time windows (N=11, pairs=5), retry bez constraints
V3.27.1 OR-Tools INFEASIBLE z time windows (N=11, pairs=4), retry bez constraints
V3.27.1 OR-Tools INFEASIBLE z time windows (N=11, pairs=4), retry bez constraints
V3.27.1 OR-Tools INFEASIBLE z time windows (N=11, pairs=4), retry bez constraints
V3.27.1 OR-Tools INFEASIBLE z time windows (N=11, pairs=5), retry bez constraints
V3.27.1 OR-Tools INFEASIBLE z time windows (N=8, pairs=3), retry bez constraints
V3.27.1 OR-Tools INFEASIBLE z time windows (N=10, pairs=4), retry bez constraints
V3.27.1 OR-Tools INFEASIBLE z time windows (N=6, pairs=1), retry bez constraints
V3.27.1 OR-Tools INFEASIBLE z time windows (N=6, pairs=1), retry bez constraints
V3.27.1 OR-Tools INFEASIBLE z time windows (N=9, pairs=4), retry bez constraints
V3.27.1 OR-Tools INFEASIBLE z time windows (N=9, pairs=4), retry bez constraints
V3.27.1 OR-Tools INFEASIBLE z time windows (N=9, pairs=4), retry bez constraints
V3.27.1 OR-Tools INFEASIBLE z time windows (N=9, pairs=4), retry bez constraints
V3.27.1 OR-Tools INFEASIBLE z time windows (N=6, pairs=1), retry bez constraints
V3.27.1 OR-Tools INFEASIBLE z time windows (N=9, pairs=4), retry bez constraints
V3.27.1 OR-Tools INFEASIBLE z time windows (N=7, pairs=2), retry bez constraints
V3.27.1 OR-Tools INFEASIBLE z time windows (N=10, pairs=4), retry bez constraints
V3.27.1 OR-Tools INFEASIBLE z time windows (N=9, pairs=4), retry bez constraints
V3.27.1 OR-Tools INFEASIBLE z time windows (N=9, pairs=4), retry bez constraints
V3.27.1 OR-Tools INFEASIBLE z time windows (N=8, pairs=3), retry bez constraints
V3.27.1 OR-Tools INFEASIBLE z time windows (N=8, pairs=3), retry bez constraints
V3.27.1 OR-Tools INFEASIBLE z time windows (N=9, pairs=4), retry bez constraints
V3.27.1 OR-Tools INFEASIBLE z time windows (N=11, pairs=5), retry bez constraints
V3.27.1 OR-Tools INFEASIBLE z time windows (N=9, pairs=4), retry bez constraints
V3.27.1 OR-Tools INFEASIBLE z time windows (N=10, pairs=4), retry bez constraints
V3.27.1 OR-Tools INFEASIBLE z time windows (N=7, pairs=2), retry bez constraints
V3.27.1 OR-Tools INFEASIBLE z time windows (N=10, pairs=4), retry bez constraints
V3.27.1 OR-Tools INFEASIBLE z time windows (N=12, pairs=5), retry bez constraints
V3.27.1 OR-Tools INFEASIBLE z time windows (N=12, pairs=5), retry bez constraints
V3.27.1 OR-Tools INFEASIBLE z time windows (N=8, pairs=3), retry bez constraints
V3.27.1 OR-Tools INFEASIBLE z time windows (N=11, pairs=4), retry bez constraints
V3.27.1 OR-Tools INFEASIBLE z time windows (N=9, pairs=3), retry bez constraints
V3.27.1 OR-Tools INFEASIBLE z time windows (N=8, pairs=2), retry bez constraints
V3.27.1 OR-Tools INFEASIBLE z time windows (N=10, pairs=4), retry bez constraints
V3.27.1 OR-Tools INFEASIBLE z time windows (N=8, pairs=2), retry bez constraints
V3.27.1 OR-Tools INFEASIBLE z time windows (N=8, pairs=2), retry bez constraints
V3.27.1 OR-Tools INFEASIBLE z time windows (N=7, pairs=1), retry bez constraints
V3.27.1 OR-Tools INFEASIBLE z time windows (N=8, pairs=2), retry bez constraints
V3.27.1 OR-Tools INFEASIBLE z time windows (N=9, pairs=3), retry bez constraints
V3.27.1 OR-Tools INFEASIBLE z time windows (N=12, pairs=5), retry bez constraints
[f4] 900/1500 n=889 new_reg=0 changed=74
V3.27.1 OR-Tools INFEASIBLE z time windows (N=7, pairs=2), retry bez constraints
V3.27.1 OR-Tools INFEASIBLE z time windows (N=7, pairs=2), retry bez constraints
V3.27.1 OR-Tools INFEASIBLE z time windows (N=9, pairs=3), retry bez constraints
2026-06-18 14:11:26 [ERROR] osrm_client: COORD_GUARD #6: table 2 invalid coord(s) [(0.0, 0.0), (0.0, 0.0)] → sentinel cells 9999.0min
V3.27.1 OR-Tools INFEASIBLE z time windows (N=15, pairs=7), retry bez constraints
OR-Tools no sequence: status=ROUTING_FAIL elapsed=4.1ms warnings=['INFEASIBLE: solver returned None']
OR-Tools INFEASIBLE for bag_size=6, falling back to greedy
V3.27.1 OR-Tools INFEASIBLE z time windows (N=11, pairs=4), retry bez constraints
V3.27.1 OR-Tools INFEASIBLE z time windows (N=11, pairs=5), retry bez constraints
V3.27.1 OR-Tools INFEASIBLE z time windows (N=9, pairs=4), retry bez constraints
V3.27.1 OR-Tools INFEASIBLE z time windows (N=9, pairs=3), retry bez constraints
2026-06-18 14:11:29 [ERROR] osrm_client: COORD_GUARD #7: table 2 invalid coord(s) [(0.0, 0.0), (0.0, 0.0)] → sentinel cells 9999.0min
V3.27.1 OR-Tools INFEASIBLE z time windows (N=13, pairs=6), retry bez constraints
OR-Tools no sequence: status=ROUTING_FAIL elapsed=3.07ms warnings=['INFEASIBLE: solver returned None']
OR-Tools INFEASIBLE for bag_size=5, falling back to greedy
V3.27.1 OR-Tools INFEASIBLE z time windows (N=10, pairs=4), retry bez constraints
2026-06-18 14:11:30 [ERROR] osrm_client: COORD_GUARD #8: table 2 invalid coord(s) [(0.0, 0.0), (0.0, 0.0)] → sentinel cells 9999.0min
V3.27.1 OR-Tools INFEASIBLE z time windows (N=11, pairs=5), retry bez constraints
OR-Tools no sequence: status=ROUTING_FAIL elapsed=2.23ms warnings=['INFEASIBLE: solver returned None']
OR-Tools INFEASIBLE for bag_size=4, falling back to greedy
V3.27.1 OR-Tools INFEASIBLE z time windows (N=10, pairs=4), retry bez constraints
2026-06-18 14:11:31 [ERROR] osrm_client: COORD_GUARD #9: table 2 invalid coord(s) [(0.0, 0.0), (0.0, 0.0)] → sentinel cells 9999.0min
V3.27.1 OR-Tools INFEASIBLE z time windows (N=11, pairs=5), retry bez constraints
OR-Tools no sequence: status=ROUTING_FAIL elapsed=4.53ms warnings=['INFEASIBLE: solver returned None']
OR-Tools INFEASIBLE for bag_size=4, falling back to greedy
V3.27.1 OR-Tools INFEASIBLE z time windows (N=8, pairs=3), retry bez constraints
V3.27.1 OR-Tools INFEASIBLE z time windows (N=8, pairs=3), retry bez constraints
2026-06-18 14:11:32 [ERROR] osrm_client: COORD_GUARD #10: table 2 invalid coord(s) [(0.0, 0.0), (0.0, 0.0)] → sentinel cells 9999.0min
V3.27.1 OR-Tools INFEASIBLE z time windows (N=10, pairs=4), retry bez constraints
OR-Tools no sequence: status=ROUTING_FAIL elapsed=1.79ms warnings=['INFEASIBLE: solver returned None']
OR-Tools INFEASIBLE for bag_size=4, falling back to greedy
2026-06-18 14:11:32 [ERROR] osrm_client: COORD_GUARD #11: table 2 invalid coord(s) [(0.0, 0.0), (0.0, 0.0)] → sentinel cells 9999.0min
V3.27.1 OR-Tools INFEASIBLE z time windows (N=9, pairs=4), retry bez constraints
OR-Tools no sequence: status=ROUTING_FAIL elapsed=1.59ms warnings=['INFEASIBLE: solver returned None']
OR-Tools INFEASIBLE for bag_size=3, falling back to greedy
V3.27.1 OR-Tools INFEASIBLE z time windows (N=17, pairs=8), retry bez constraints
V3.27.1 OR-Tools INFEASIBLE z time windows (N=9, pairs=3), retry bez constraints
2026-06-18 14:11:34 [ERROR] osrm_client: COORD_GUARD #12: table 2 invalid coord(s) [(0.0, 0.0), (0.0, 0.0)] → sentinel cells 9999.0min
V3.27.1 OR-Tools INFEASIBLE z time windows (N=10, pairs=3), retry bez constraints
OR-Tools no sequence: status=ROUTING_FAIL elapsed=3.58ms warnings=['INFEASIBLE: solver returned None']
OR-Tools INFEASIBLE for bag_size=5, falling back to greedy
V3.27.1 OR-Tools INFEASIBLE z time windows (N=8, pairs=3), retry bez constraints
V3.27.1 OR-Tools INFEASIBLE z time windows (N=10, pairs=4), retry bez constraints
V3.27.1 OR-Tools INFEASIBLE z time windows (N=8, pairs=3), retry bez constraints
V3.27.1 OR-Tools INFEASIBLE z time windows (N=8, pairs=3), retry bez constraints
V3.27.1 OR-Tools INFEASIBLE z time windows (N=8, pairs=3), retry bez constraints
V3.27.1 OR-Tools INFEASIBLE z time windows (N=8, pairs=3), retry bez constraints
V3.27.1 OR-Tools INFEASIBLE z time windows (N=9, pairs=4), retry bez constraints
V3.27.1 OR-Tools INFEASIBLE z time windows (N=10, pairs=4), retry bez constraints
V3.27.1 OR-Tools INFEASIBLE z time windows (N=8, pairs=3), retry bez constraints
V3.27.1 OR-Tools INFEASIBLE z time windows (N=9, pairs=4), retry bez constraints
V3.27.1 OR-Tools INFEASIBLE z time windows (N=9, pairs=4), retry bez constraints
V3.27.1 OR-Tools INFEASIBLE z time windows (N=9, pairs=4), retry bez constraints
V3.27.1 OR-Tools INFEASIBLE z time windows (N=8, pairs=3), retry bez constraints
V3.27.1 OR-Tools INFEASIBLE z time windows (N=9, pairs=4), retry bez constraints
V3.27.1 OR-Tools INFEASIBLE z time windows (N=8, pairs=2), retry bez constraints
V3.27.1 OR-Tools INFEASIBLE z time windows (N=7, pairs=2), retry bez constraints
V3.27.1 OR-Tools INFEASIBLE z time windows (N=10, pairs=4), retry bez constraints
V3.27.1 OR-Tools INFEASIBLE z time windows (N=7, pairs=2), retry bez constraints
V3.27.1 OR-Tools INFEASIBLE z time windows (N=9, pairs=3), retry bez constraints
V3.27.1 OR-Tools INFEASIBLE z time windows (N=9, pairs=3), retry bez constraints
V3.27.1 OR-Tools INFEASIBLE z time windows (N=8, pairs=3), retry bez constraints
V3.27.1 OR-Tools INFEASIBLE z time windows (N=7, pairs=2), retry bez constraints
V3.27.1 OR-Tools INFEASIBLE z time windows (N=9, pairs=3), retry bez constraints
V3.27.1 OR-Tools INFEASIBLE z time windows (N=9, pairs=3), retry bez constraints
V3.27.1 OR-Tools INFEASIBLE z time windows (N=8, pairs=3), retry bez constraints
V3.27.1 OR-Tools INFEASIBLE z time windows (N=9, pairs=4), retry bez constraints
V3.27.1 OR-Tools INFEASIBLE z time windows (N=9, pairs=4), retry bez constraints
V3.27.1 OR-Tools INFEASIBLE z time windows (N=11, pairs=5), retry bez constraints
V3.27.1 OR-Tools INFEASIBLE z time windows (N=11, pairs=5), retry bez constraints
V3.27.1 OR-Tools INFEASIBLE z time windows (N=11, pairs=5), retry bez constraints
V3.27.1 OR-Tools INFEASIBLE z time windows (N=11, pairs=3), retry bez constraints
V3.27.1 OR-Tools INFEASIBLE z time windows (N=12, pairs=5), retry bez constraints
V3.27.1 OR-Tools INFEASIBLE z time windows (N=10, pairs=3), retry bez constraints
V3.27.1 OR-Tools INFEASIBLE z time windows (N=11, pairs=4), retry bez constraints
V3.27.1 OR-Tools INFEASIBLE z time windows (N=11, pairs=4), retry bez constraints
V3.27.1 OR-Tools INFEASIBLE z time windows (N=11, pairs=5), retry bez constraints
V3.27.1 OR-Tools INFEASIBLE z time windows (N=8, pairs=3), retry bez constraints
V3.27.1 OR-Tools INFEASIBLE z time windows (N=10, pairs=4), retry bez constraints
V3.27.1 OR-Tools INFEASIBLE z time windows (N=11, pairs=5), retry bez constraints
V3.27.1 OR-Tools INFEASIBLE z time windows (N=9, pairs=4), retry bez constraints
V3.27.1 OR-Tools INFEASIBLE z time windows (N=8, pairs=3), retry bez constraints
V3.27.1 OR-Tools INFEASIBLE z time windows (N=9, pairs=4), retry bez constraints
V3.27.1 OR-Tools INFEASIBLE z time windows (N=9, pairs=4), retry bez constraints
V3.27.1 OR-Tools INFEASIBLE z time windows (N=8, pairs=3), retry bez constraints
V3.27.1 OR-Tools INFEASIBLE z time windows (N=8, pairs=3), retry bez constraints
V3.27.1 OR-Tools INFEASIBLE z time windows (N=9, pairs=4), retry bez constraints
V3.27.1 OR-Tools INFEASIBLE z time windows (N=10, pairs=4), retry bez constraints
V3.27.1 OR-Tools INFEASIBLE z time windows (N=11, pairs=4), retry bez constraints
V3.27.1 OR-Tools INFEASIBLE z time windows (N=11, pairs=4), retry bez constraints
V3.27.1 OR-Tools INFEASIBLE z time windows (N=11, pairs=4), retry bez constraints
V3.27.1 OR-Tools INFEASIBLE z time windows (N=10, pairs=4), retry bez constraints
V3.27.1 OR-Tools INFEASIBLE z time windows (N=10, pairs=4), retry bez constraints
V3.27.1 OR-Tools INFEASIBLE z time windows (N=10, pairs=4), retry bez constraints
V3.27.1 OR-Tools INFEASIBLE z time windows (N=10, pairs=4), retry bez constraints
V3.27.1 OR-Tools INFEASIBLE z time windows (N=9, pairs=4), retry bez constraints
V3.27.1 OR-Tools INFEASIBLE z time windows (N=10, pairs=4), retry bez constraints
V3.27.1 OR-Tools INFEASIBLE z time windows (N=8, pairs=3), retry bez constraints
V3.27.1 OR-Tools INFEASIBLE z time windows (N=10, pairs=4), retry bez constraints
V3.27.1 OR-Tools INFEASIBLE z time windows (N=11, pairs=4), retry bez constraints
V3.27.1 OR-Tools INFEASIBLE z time windows (N=9, pairs=4), retry bez constraints
V3.27.1 OR-Tools INFEASIBLE z time windows (N=11, pairs=4), retry bez constraints
V3.27.1 OR-Tools INFEASIBLE z time windows (N=11, pairs=4), retry bez constraints
V3.27.1 OR-Tools INFEASIBLE z time windows (N=9, pairs=3), retry bez constraints
V3.27.1 OR-Tools INFEASIBLE z time windows (N=9, pairs=3), retry bez constraints
V3.27.1 OR-Tools INFEASIBLE z time windows (N=11, pairs=5), retry bez constraints
V3.27.1 OR-Tools INFEASIBLE z time windows (N=9, pairs=4), retry bez constraints
V3.27.1 OR-Tools INFEASIBLE z time windows (N=9, pairs=4), retry bez constraints
V3.27.1 OR-Tools INFEASIBLE z time windows (N=9, pairs=3), retry bez constraints
V3.27.1 OR-Tools INFEASIBLE z time windows (N=11, pairs=4), retry bez constraints
V3.27.1 OR-Tools INFEASIBLE z time windows (N=8, pairs=3), retry bez constraints
V3.27.1 OR-Tools INFEASIBLE z time windows (N=8, pairs=3), retry bez constraints
V3.27.1 OR-Tools INFEASIBLE z time windows (N=11, pairs=4), retry bez constraints
V3.27.1 OR-Tools INFEASIBLE z time windows (N=11, pairs=4), retry bez constraints
V3.27.1 OR-Tools INFEASIBLE z time windows (N=11, pairs=4), retry bez constraints
V3.27.1 OR-Tools INFEASIBLE z time windows (N=8, pairs=2), retry bez constraints
V3.27.1 OR-Tools INFEASIBLE z time windows (N=7, pairs=2), retry bez constraints
V3.27.1 OR-Tools INFEASIBLE z time windows (N=7, pairs=2), retry bez constraints
V3.27.1 OR-Tools INFEASIBLE z time windows (N=7, pairs=2), retry bez constraints
V3.27.1 OR-Tools INFEASIBLE z time windows (N=10, pairs=4), retry bez constraints
V3.27.1 OR-Tools INFEASIBLE z time windows (N=9, pairs=2), retry bez constraints
V3.27.1 OR-Tools INFEASIBLE z time windows (N=9, pairs=2), retry bez constraints
V3.27.1 OR-Tools INFEASIBLE z time windows (N=11, pairs=5), retry bez constraints
V3.27.1 OR-Tools INFEASIBLE z time windows (N=9, pairs=4), retry bez constraints
V3.27.1 OR-Tools INFEASIBLE z time windows (N=9, pairs=4), retry bez constraints
V3.27.1 OR-Tools INFEASIBLE z time windows (N=8, pairs=3), retry bez constraints
V3.27.1 OR-Tools INFEASIBLE z time windows (N=13, pairs=5), retry bez constraints
V3.27.1 OR-Tools INFEASIBLE z time windows (N=8, pairs=2), retry bez constraints
V3.27.1 OR-Tools INFEASIBLE z time windows (N=6, pairs=1), retry bez constraints
V3.27.1 OR-Tools INFEASIBLE z time windows (N=6, pairs=1), retry bez constraints
V3.27.1 OR-Tools INFEASIBLE z time windows (N=8, pairs=3), retry bez constraints
V3.27.1 OR-Tools INFEASIBLE z time windows (N=11, pairs=5), retry bez constraints
V3.27.1 OR-Tools INFEASIBLE z time windows (N=11, pairs=5), retry bez constraints
V3.27.1 OR-Tools INFEASIBLE z time windows (N=9, pairs=4), retry bez constraints
V3.27.1 OR-Tools INFEASIBLE z time windows (N=11, pairs=4), retry bez constraints
V3.27.1 OR-Tools INFEASIBLE z time windows (N=9, pairs=3), retry bez constraints
V3.27.1 OR-Tools INFEASIBLE z time windows (N=11, pairs=5), retry bez constraints
V3.27.1 OR-Tools INFEASIBLE z time windows (N=8, pairs=3), retry bez constraints
V3.27.1 OR-Tools INFEASIBLE z time windows (N=13, pairs=6), retry bez constraints
V3.27.1 OR-Tools INFEASIBLE z time windows (N=9, pairs=4), retry bez constraints
V3.27.1 OR-Tools INFEASIBLE z time windows (N=11, pairs=5), retry bez constraints
V3.27.1 OR-Tools INFEASIBLE z time windows (N=10, pairs=3), retry bez constraints
V3.27.1 OR-Tools INFEASIBLE z time windows (N=7, pairs=2), retry bez constraints
V3.27.1 OR-Tools INFEASIBLE z time windows (N=7, pairs=2), retry bez constraints
V3.27.1 OR-Tools INFEASIBLE z time windows (N=9, pairs=3), retry bez constraints
V3.27.1 OR-Tools INFEASIBLE z time windows (N=9, pairs=3), retry bez constraints
V3.27.1 OR-Tools INFEASIBLE z time windows (N=8, pairs=3), retry bez constraints
V3.27.1 OR-Tools INFEASIBLE z time windows (N=8, pairs=3), retry bez constraints
V3.27.1 OR-Tools INFEASIBLE z time windows (N=11, pairs=4), retry bez constraints
V3.27.1 OR-Tools INFEASIBLE z time windows (N=8, pairs=1), retry bez constraints
V3.27.1 OR-Tools INFEASIBLE z time windows (N=8, pairs=1), retry bez constraints
V3.27.1 OR-Tools INFEASIBLE z time windows (N=8, pairs=3), retry bez constraints
V3.27.1 OR-Tools INFEASIBLE z time windows (N=11, pairs=5), retry bez constraints
V3.27.1 OR-Tools INFEASIBLE z time windows (N=11, pairs=5), retry bez constraints
V3.27.1 OR-Tools INFEASIBLE z time windows (N=8, pairs=3), retry bez constraints
V3.27.1 OR-Tools INFEASIBLE z time windows (N=8, pairs=3), retry bez constraints
V3.27.1 OR-Tools INFEASIBLE z time windows (N=7, pairs=2), retry bez constraints
V3.27.1 OR-Tools INFEASIBLE z time windows (N=7, pairs=2), retry bez constraints
V3.27.1 OR-Tools INFEASIBLE z time windows (N=13, pairs=5), retry bez constraints
V3.27.1 OR-Tools INFEASIBLE z time windows (N=11, pairs=5), retry bez constraints
V3.27.1 OR-Tools INFEASIBLE z time windows (N=11, pairs=5), retry bez constraints
V3.27.1 OR-Tools INFEASIBLE z time windows (N=8, pairs=3), retry bez constraints
V3.27.1 OR-Tools INFEASIBLE z time windows (N=11, pairs=5), retry bez constraints
V3.27.1 OR-Tools INFEASIBLE z time windows (N=10, pairs=4), retry bez constraints
V3.27.1 OR-Tools INFEASIBLE z time windows (N=8, pairs=1), retry bez constraints
V3.27.1 OR-Tools INFEASIBLE z time windows (N=8, pairs=1), retry bez constraints
V3.27.1 OR-Tools INFEASIBLE z time windows (N=9, pairs=4), retry bez constraints
V3.27.1 OR-Tools INFEASIBLE z time windows (N=9, pairs=4), retry bez constraints
V3.27.1 OR-Tools INFEASIBLE z time windows (N=9, pairs=4), retry bez constraints
V3.27.1 OR-Tools INFEASIBLE z time windows (N=9, pairs=4), retry bez constraints
V3.27.1 OR-Tools INFEASIBLE z time windows (N=7, pairs=1), retry bez constraints
V3.27.1 OR-Tools INFEASIBLE z time windows (N=11, pairs=5), retry bez constraints
V3.27.1 OR-Tools INFEASIBLE z time windows (N=8, pairs=3), retry bez constraints
V3.27.1 OR-Tools INFEASIBLE z time windows (N=8, pairs=3), retry bez constraints
V3.27.1 OR-Tools INFEASIBLE z time windows (N=9, pairs=4), retry bez constraints
V3.27.1 OR-Tools INFEASIBLE z time windows (N=10, pairs=4), retry bez constraints
V3.27.1 OR-Tools INFEASIBLE z time windows (N=8, pairs=3), retry bez constraints
V3.27.1 OR-Tools INFEASIBLE z time windows (N=8, pairs=3), retry bez constraints
V3.27.1 OR-Tools INFEASIBLE z time windows (N=6, pairs=1), retry bez constraints
V3.27.1 OR-Tools INFEASIBLE z time windows (N=6, pairs=1), retry bez constraints
V3.27.1 OR-Tools INFEASIBLE z time windows (N=9, pairs=4), retry bez constraints
V3.27.1 OR-Tools INFEASIBLE z time windows (N=7, pairs=2), retry bez constraints
V3.27.1 OR-Tools INFEASIBLE z time windows (N=8, pairs=3), retry bez constraints
V3.27.1 OR-Tools INFEASIBLE z time windows (N=7, pairs=2), retry bez constraints
V3.27.1 OR-Tools INFEASIBLE z time windows (N=9, pairs=4), retry bez constraints
V3.27.1 OR-Tools INFEASIBLE z time windows (N=8, pairs=3), retry bez constraints
V3.27.1 OR-Tools INFEASIBLE z time windows (N=8, pairs=3), retry bez constraints
V3.27.1 OR-Tools INFEASIBLE z time windows (N=11, pairs=5), retry bez constraints
V3.27.1 OR-Tools INFEASIBLE z time windows (N=8, pairs=3), retry bez constraints
V3.27.1 OR-Tools INFEASIBLE z time windows (N=10, pairs=3), retry bez constraints
V3.27.1 OR-Tools INFEASIBLE z time windows (N=8, pairs=3), retry bez constraints
V3.27.1 OR-Tools INFEASIBLE z time windows (N=8, pairs=3), retry bez constraints
V3.27.1 OR-Tools INFEASIBLE z time windows (N=8, pairs=2), retry bez constraints
V3.27.1 OR-Tools INFEASIBLE z time windows (N=11, pairs=5), retry bez constraints
V3.27.1 OR-Tools INFEASIBLE z time windows (N=9, pairs=4), retry bez constraints
V3.27.1 OR-Tools INFEASIBLE z time windows (N=8, pairs=3), retry bez constraints
V3.27.1 OR-Tools INFEASIBLE z time windows (N=8, pairs=3), retry bez constraints
V3.27.1 OR-Tools INFEASIBLE z time windows (N=9, pairs=4), retry bez constraints
V3.27.1 OR-Tools INFEASIBLE z time windows (N=10, pairs=4), retry bez constraints
V3.27.1 OR-Tools INFEASIBLE z time windows (N=9, pairs=4), retry bez constraints
V3.27.1 OR-Tools INFEASIBLE z time windows (N=8, pairs=3), retry bez constraints
V3.27.1 OR-Tools INFEASIBLE z time windows (N=9, pairs=4), retry bez constraints
V3.27.1 OR-Tools INFEASIBLE z time windows (N=7, pairs=2), retry bez constraints
V3.27.1 OR-Tools INFEASIBLE z time windows (N=11, pairs=5), retry bez constraints
V3.27.1 OR-Tools INFEASIBLE z time windows (N=10, pairs=4), retry bez constraints
V3.27.1 OR-Tools INFEASIBLE z time windows (N=10, pairs=4), retry bez constraints
V3.27.1 OR-Tools INFEASIBLE z time windows (N=11, pairs=5), retry bez constraints
V3.27.1 OR-Tools INFEASIBLE z time windows (N=10, pairs=4), retry bez constraints
V3.27.1 OR-Tools INFEASIBLE z time windows (N=9, pairs=4), retry bez constraints
V3.27.1 OR-Tools INFEASIBLE z time windows (N=9, pairs=4), retry bez constraints
V3.27.1 OR-Tools INFEASIBLE z time windows (N=8, pairs=3), retry bez constraints
V3.27.1 OR-Tools INFEASIBLE z time windows (N=12, pairs=5), retry bez constraints
V3.27.1 OR-Tools INFEASIBLE z time windows (N=6, pairs=1), retry bez constraints
V3.27.1 OR-Tools INFEASIBLE z time windows (N=12, pairs=5), retry bez constraints
OR-Tools no sequence: status=ROUTING_FAIL elapsed=190.85ms warnings=['INFEASIBLE: solver returned None']
OR-Tools INFEASIBLE for bag_size=5, falling back to greedy
V3.27.1 OR-Tools INFEASIBLE z time windows (N=13, pairs=6), retry bez constraints
V3.27.1 OR-Tools INFEASIBLE z time windows (N=9, pairs=4), retry bez constraints
V3.27.1 OR-Tools INFEASIBLE z time windows (N=8, pairs=3), retry bez constraints
V3.27.1 OR-Tools INFEASIBLE z time windows (N=9, pairs=3), retry bez constraints
V3.27.1 OR-Tools INFEASIBLE z time windows (N=8, pairs=2), retry bez constraints
V3.27.1 OR-Tools INFEASIBLE z time windows (N=9, pairs=4), retry bez constraints
V3.27.1 OR-Tools INFEASIBLE z time windows (N=8, pairs=3), retry bez constraints
V3.27.1 OR-Tools INFEASIBLE z time windows (N=7, pairs=2), retry bez constraints
V3.27.1 OR-Tools INFEASIBLE z time windows (N=7, pairs=2), retry bez constraints
V3.27.1 OR-Tools INFEASIBLE z time windows (N=6, pairs=1), retry bez constraints
V3.27.1 OR-Tools INFEASIBLE z time windows (N=11, pairs=5), retry bez constraints
V3.27.1 OR-Tools INFEASIBLE z time windows (N=6, pairs=1), retry bez constraints
V3.27.1 OR-Tools INFEASIBLE z time windows (N=9, pairs=4), retry bez constraints
V3.27.1 OR-Tools INFEASIBLE z time windows (N=9, pairs=4), retry bez constraints
V3.27.1 OR-Tools INFEASIBLE z time windows (N=9, pairs=4), retry bez constraints
V3.27.1 OR-Tools INFEASIBLE z time windows (N=7, pairs=2), retry bez constraints
V3.27.1 OR-Tools INFEASIBLE z time windows (N=9, pairs=3), retry bez constraints
V3.27.1 OR-Tools INFEASIBLE z time windows (N=7, pairs=2), retry bez constraints
V3.27.1 OR-Tools INFEASIBLE z time windows (N=9, pairs=3), retry bez constraints
V3.27.1 OR-Tools INFEASIBLE z time windows (N=9, pairs=4), retry bez constraints
V3.27.1 OR-Tools INFEASIBLE z time windows (N=8, pairs=3), retry bez constraints
V3.27.1 OR-Tools INFEASIBLE z time windows (N=15, pairs=7), retry bez constraints
V3.27.1 OR-Tools INFEASIBLE z time windows (N=15, pairs=7), retry bez constraints
V3.27.1 OR-Tools INFEASIBLE z time windows (N=7, pairs=2), retry bez constraints
V3.27.1 OR-Tools INFEASIBLE z time windows (N=7, pairs=2), retry bez constraints
V3.27.1 OR-Tools INFEASIBLE z time windows (N=9, pairs=3), retry bez constraints
V3.27.1 OR-Tools INFEASIBLE z time windows (N=12, pairs=5), retry bez constraints
V3.27.1 OR-Tools INFEASIBLE z time windows (N=9, pairs=3), retry bez constraints
V3.27.1 OR-Tools INFEASIBLE z time windows (N=12, pairs=5), retry bez constraints
[f4] 1200/1500 n=1181 new_reg=0 changed=99
2026-06-18 14:14:05 [ERROR] osrm_client: COORD_GUARD #13: table 2 invalid coord(s) [(0.0, 0.0), (0.0, 0.0)] → sentinel cells 9999.0min
V3.27.1 OR-Tools INFEASIBLE z time windows (N=9, pairs=4), retry bez constraints
OR-Tools no sequence: status=ROUTING_FAIL elapsed=4.08ms warnings=['INFEASIBLE: solver returned None']
OR-Tools INFEASIBLE for bag_size=3, falling back to greedy
2026-06-18 14:14:05 [ERROR] osrm_client: COORD_GUARD #14: table 2 invalid coord(s) [(0.0, 0.0), (0.0, 0.0)] → sentinel cells 9999.0min
V3.27.1 OR-Tools INFEASIBLE z time windows (N=10, pairs=4), retry bez constraints
OR-Tools no sequence: status=ROUTING_FAIL elapsed=1.91ms warnings=['INFEASIBLE: solver returned None']
OR-Tools INFEASIBLE for bag_size=4, falling back to greedy
V3.27.1 OR-Tools INFEASIBLE z time windows (N=13, pairs=6), retry bez constraints
V3.27.1 OR-Tools INFEASIBLE z time windows (N=13, pairs=6), retry bez constraints
V3.27.1 OR-Tools INFEASIBLE z time windows (N=9, pairs=3), retry bez constraints
V3.27.1 OR-Tools INFEASIBLE z time windows (N=8, pairs=1), retry bez constraints
V3.27.1 OR-Tools INFEASIBLE z time windows (N=11, pairs=4), retry bez constraints
V3.27.1 OR-Tools INFEASIBLE z time windows (N=9, pairs=4), retry bez constraints
V3.27.1 OR-Tools INFEASIBLE z time windows (N=10, pairs=4), retry bez constraints
V3.27.1 OR-Tools INFEASIBLE z time windows (N=11, pairs=5), retry bez constraints
V3.27.1 OR-Tools INFEASIBLE z time windows (N=12, pairs=5), retry bez constraints
V3.27.1 OR-Tools INFEASIBLE z time windows (N=13, pairs=5), retry bez constraints
OR-Tools no sequence: status=ROUTING_FAIL elapsed=190.92ms warnings=['INFEASIBLE: solver returned None']
OR-Tools INFEASIBLE for bag_size=6, falling back to greedy
V3.27.1 OR-Tools INFEASIBLE z time windows (N=7, pairs=2), retry bez constraints
V3.27.1 OR-Tools INFEASIBLE z time windows (N=13, pairs=5), retry bez constraints
OR-Tools no sequence: status=ROUTING_FAIL elapsed=190.73ms warnings=['INFEASIBLE: solver returned None']
OR-Tools INFEASIBLE for bag_size=6, falling back to greedy
V3.27.1 OR-Tools INFEASIBLE z time windows (N=10, pairs=4), retry bez constraints
V328_TSP_SETRANGE_OPEN_OOD stop=12 open=153.8min > max_route_min=120.0min — skip window
V3.27.1 OR-Tools INFEASIBLE z time windows (N=14, pairs=6), retry bez constraints
OR-Tools no sequence: status=ROUTING_FAIL elapsed=191.41ms warnings=['INFEASIBLE: solver returned None']
OR-Tools INFEASIBLE for bag_size=6, falling back to greedy
V3.27.1 OR-Tools INFEASIBLE z time windows (N=8, pairs=2), retry bez constraints
V3.27.1 OR-Tools INFEASIBLE z time windows (N=8, pairs=2), retry bez constraints
V3.27.1 OR-Tools INFEASIBLE z time windows (N=9, pairs=4), retry bez constraints
V3.27.1 OR-Tools INFEASIBLE z time windows (N=8, pairs=3), retry bez constraints
V3.27.1 OR-Tools INFEASIBLE z time windows (N=9, pairs=4), retry bez constraints
V3.27.1 OR-Tools INFEASIBLE z time windows (N=11, pairs=5), retry bez constraints
V3.27.1 OR-Tools INFEASIBLE z time windows (N=8, pairs=3), retry bez constraints
V3.27.1 OR-Tools INFEASIBLE z time windows (N=6, pairs=1), retry bez constraints
V3.27.1 OR-Tools INFEASIBLE z time windows (N=10, pairs=4), retry bez constraints
V3.27.1 OR-Tools INFEASIBLE z time windows (N=9, pairs=3), retry bez constraints
V3.27.1 OR-Tools INFEASIBLE z time windows (N=9, pairs=3), retry bez constraints
V3.27.1 OR-Tools INFEASIBLE z time windows (N=7, pairs=2), retry bez constraints
V3.27.1 OR-Tools INFEASIBLE z time windows (N=9, pairs=3), retry bez constraints
V328_TSP_SETRANGE_OPEN_OOD stop=4 open=127.6min > max_route_min=120.0min — skip window
V328_TSP_SETRANGE_OPEN_OOD stop=4 open=127.6min > max_route_min=120.0min — skip window
V328_TSP_SETRANGE_OPEN_OOD stop=4 open=127.6min > max_route_min=120.0min — skip window
V3.27.1 OR-Tools INFEASIBLE z time windows (N=6, pairs=1), retry bez constraints
V3.27.1 OR-Tools INFEASIBLE z time windows (N=11, pairs=5), retry bez constraints
V3.27.1 OR-Tools INFEASIBLE z time windows (N=9, pairs=3), retry bez constraints
V3.27.1 OR-Tools INFEASIBLE z time windows (N=7, pairs=2), retry bez constraints
V3.27.1 OR-Tools INFEASIBLE z time windows (N=9, pairs=3), retry bez constraints
V3.27.1 OR-Tools INFEASIBLE z time windows (N=10, pairs=4), retry bez constraints
V3.27.1 OR-Tools INFEASIBLE z time windows (N=9, pairs=3), retry bez constraints
V3.27.1 OR-Tools INFEASIBLE z time windows (N=7, pairs=2), retry bez constraints
V3.27.1 OR-Tools INFEASIBLE z time windows (N=10, pairs=4), retry bez constraints
V3.27.1 OR-Tools INFEASIBLE z time windows (N=10, pairs=4), retry bez constraints
V3.27.1 OR-Tools INFEASIBLE z time windows (N=6, pairs=1), retry bez constraints
V3.27.1 OR-Tools INFEASIBLE z time windows (N=11, pairs=5), retry bez constraints
V3.27.1 OR-Tools INFEASIBLE z time windows (N=9, pairs=3), retry bez constraints
V3.27.1 OR-Tools INFEASIBLE z time windows (N=9, pairs=3), retry bez constraints
V3.27.1 OR-Tools INFEASIBLE z time windows (N=9, pairs=3), retry bez constraints
V3.27.1 OR-Tools INFEASIBLE z time windows (N=9, pairs=3), retry bez constraints
V3.27.1 OR-Tools INFEASIBLE z time windows (N=9, pairs=3), retry bez constraints
V3.27.1 OR-Tools INFEASIBLE z time windows (N=9, pairs=3), retry bez constraints
V3.27.1 OR-Tools INFEASIBLE z time windows (N=9, pairs=4), retry bez constraints
V3.27.1 OR-Tools INFEASIBLE z time windows (N=10, pairs=4), retry bez constraints
V3.27.1 OR-Tools INFEASIBLE z time windows (N=11, pairs=4), retry bez constraints
V3.27.1 OR-Tools INFEASIBLE z time windows (N=9, pairs=4), retry bez constraints
V3.27.1 OR-Tools INFEASIBLE z time windows (N=11, pairs=4), retry bez constraints
V3.27.1 OR-Tools INFEASIBLE z time windows (N=7, pairs=1), retry bez constraints
V3.27.1 OR-Tools INFEASIBLE z time windows (N=6, pairs=1), retry bez constraints
V3.27.1 OR-Tools INFEASIBLE z time windows (N=15, pairs=6), retry bez constraints
V3.27.1 OR-Tools INFEASIBLE z time windows (N=10, pairs=4), retry bez constraints
V3.27.1 OR-Tools INFEASIBLE z time windows (N=9, pairs=4), retry bez constraints
V3.27.1 OR-Tools INFEASIBLE z time windows (N=9, pairs=4), retry bez constraints
V3.27.1 OR-Tools INFEASIBLE z time windows (N=9, pairs=2), retry bez constraints
V3.27.1 OR-Tools INFEASIBLE z time windows (N=8, pairs=1), retry bez constraints
V3.27.1 OR-Tools INFEASIBLE z time windows (N=8, pairs=1), retry bez constraints
V3.27.1 OR-Tools INFEASIBLE z time windows (N=7, pairs=1), retry bez constraints
V3.27.1 OR-Tools INFEASIBLE z time windows (N=6, pairs=1), retry bez constraints
V3.27.1 OR-Tools INFEASIBLE z time windows (N=16, pairs=7), retry bez constraints
V3.27.1 OR-Tools INFEASIBLE z time windows (N=6, pairs=1), retry bez constraints
V3.27.1 OR-Tools INFEASIBLE z time windows (N=9, pairs=4), retry bez constraints
V3.27.1 OR-Tools INFEASIBLE z time windows (N=6, pairs=1), retry bez constraints
V328_TSP_SETRANGE_OPEN_OOD stop=8 open=121.7min > max_route_min=120.0min — skip window
V328_TSP_SETRANGE_OPEN_OOD stop=8 open=121.7min > max_route_min=120.0min — skip window
V328_TSP_SETRANGE_OPEN_OOD stop=8 open=121.7min > max_route_min=120.0min — skip window
V3.27.1 OR-Tools INFEASIBLE z time windows (N=14, pairs=5), retry bez constraints
V3.27.1 OR-Tools INFEASIBLE z time windows (N=11, pairs=4), retry bez constraints
V3.27.1 OR-Tools INFEASIBLE z time windows (N=7, pairs=2), retry bez constraints
V3.27.1 OR-Tools INFEASIBLE z time windows (N=13, pairs=6), retry bez constraints
V3.27.1 OR-Tools INFEASIBLE z time windows (N=11, pairs=4), retry bez constraints
V3.27.1 OR-Tools INFEASIBLE z time windows (N=8, pairs=3), retry bez constraints
V3.27.1 OR-Tools INFEASIBLE z time windows (N=11, pairs=4), retry bez constraints
OR-Tools no sequence: status=ROUTING_FAIL elapsed=191.45ms warnings=['INFEASIBLE: solver returned None']
OR-Tools INFEASIBLE for bag_size=5, falling back to greedy
V3.27.1 OR-Tools INFEASIBLE z time windows (N=10, pairs=4), retry bez constraints
V3.27.1 OR-Tools INFEASIBLE z time windows (N=10, pairs=4), retry bez constraints
V3.27.1 OR-Tools INFEASIBLE z time windows (N=10, pairs=4), retry bez constraints
V3.27.1 OR-Tools INFEASIBLE z time windows (N=6, pairs=1), retry bez constraints
V3.27.1 OR-Tools INFEASIBLE z time windows (N=11, pairs=5), retry bez constraints
V3.27.1 OR-Tools INFEASIBLE z time windows (N=12, pairs=5), retry bez constraints
V3.27.1 OR-Tools INFEASIBLE z time windows (N=10, pairs=3), retry bez constraints
V3.27.1 OR-Tools INFEASIBLE z time windows (N=10, pairs=3), retry bez constraints
V3.27.1 OR-Tools INFEASIBLE z time windows (N=8, pairs=2), retry bez constraints
V3.27.1 OR-Tools INFEASIBLE z time windows (N=10, pairs=4), retry bez constraints
V3.27.1 OR-Tools INFEASIBLE z time windows (N=10, pairs=4), retry bez constraints
V3.27.1 OR-Tools INFEASIBLE z time windows (N=10, pairs=4), retry bez constraints
V3.27.1 OR-Tools INFEASIBLE z time windows (N=7, pairs=1), retry bez constraints
V3.27.1 OR-Tools INFEASIBLE z time windows (N=10, pairs=4), retry bez constraints
V3.27.1 OR-Tools INFEASIBLE z time windows (N=9, pairs=2), retry bez constraints
V3.27.1 OR-Tools INFEASIBLE z time windows (N=10, pairs=4), retry bez constraints
V3.27.1 OR-Tools INFEASIBLE z time windows (N=7, pairs=2), retry bez constraints
V3.27.1 OR-Tools INFEASIBLE z time windows (N=10, pairs=4), retry bez constraints
V3.27.1 OR-Tools INFEASIBLE z time windows (N=8, pairs=3), retry bez constraints
V3.27.1 OR-Tools INFEASIBLE z time windows (N=8, pairs=3), retry bez constraints
V3.27.1 OR-Tools INFEASIBLE z time windows (N=10, pairs=4), retry bez constraints
V3.27.1 OR-Tools INFEASIBLE z time windows (N=8, pairs=3), retry bez constraints
V3.27.1 OR-Tools INFEASIBLE z time windows (N=9, pairs=4), retry bez constraints
V3.27.1 OR-Tools INFEASIBLE z time windows (N=9, pairs=4), retry bez constraints
V3.27.1 OR-Tools INFEASIBLE z time windows (N=8, pairs=3), retry bez constraints
V3.27.1 OR-Tools INFEASIBLE z time windows (N=7, pairs=2), retry bez constraints
V3.27.1 OR-Tools INFEASIBLE z time windows (N=9, pairs=3), retry bez constraints
V3.27.1 OR-Tools INFEASIBLE z time windows (N=11, pairs=5), retry bez constraints
V3.27.1 OR-Tools INFEASIBLE z time windows (N=9, pairs=3), retry bez constraints
V3.27.1 OR-Tools INFEASIBLE z time windows (N=8, pairs=3), retry bez constraints
V3.27.1 OR-Tools INFEASIBLE z time windows (N=8, pairs=3), retry bez constraints
V3.27.1 OR-Tools INFEASIBLE z time windows (N=7, pairs=2), retry bez constraints
V3.27.1 OR-Tools INFEASIBLE z time windows (N=10, pairs=4), retry bez constraints
V3.27.1 OR-Tools INFEASIBLE z time windows (N=8, pairs=3), retry bez constraints
V3.27.1 OR-Tools INFEASIBLE z time windows (N=9, pairs=4), retry bez constraints
V3.27.1 OR-Tools INFEASIBLE z time windows (N=11, pairs=5), retry bez constraints
V3.27.1 OR-Tools INFEASIBLE z time windows (N=9, pairs=4), retry bez constraints
V3.27.1 OR-Tools INFEASIBLE z time windows (N=12, pairs=5), retry bez constraints
V3.27.1 OR-Tools INFEASIBLE z time windows (N=9, pairs=4), retry bez constraints
V3.27.1 OR-Tools INFEASIBLE z time windows (N=7, pairs=2), retry bez constraints
V3.27.1 OR-Tools INFEASIBLE z time windows (N=11, pairs=5), retry bez constraints
V328_TSP_SETRANGE_OPEN_OOD stop=9 open=200.6min > max_route_min=120.0min — skip window
V328_TSP_SETRANGE_OPEN_OOD stop=9 open=200.6min > max_route_min=120.0min — skip window
V328_TSP_SETRANGE_OPEN_OOD stop=9 open=200.6min > max_route_min=120.0min — skip window
V3.27.1 OR-Tools INFEASIBLE z time windows (N=11, pairs=5), retry bez constraints
V3.27.1 OR-Tools INFEASIBLE z time windows (N=11, pairs=5), retry bez constraints
V3.27.1 OR-Tools INFEASIBLE z time windows (N=11, pairs=5), retry bez constraints
V3.27.1 OR-Tools INFEASIBLE z time windows (N=11, pairs=5), retry bez constraints
V3.27.1 OR-Tools INFEASIBLE z time windows (N=11, pairs=5), retry bez constraints
V3.27.1 OR-Tools INFEASIBLE z time windows (N=11, pairs=5), retry bez constraints
V3.27.1 OR-Tools INFEASIBLE z time windows (N=8, pairs=3), retry bez constraints
V3.27.1 OR-Tools INFEASIBLE z time windows (N=9, pairs=3), retry bez constraints
V3.27.1 OR-Tools INFEASIBLE z time windows (N=8, pairs=3), retry bez constraints
V3.27.1 OR-Tools INFEASIBLE z time windows (N=8, pairs=3), retry bez constraints
V3.27.1 OR-Tools INFEASIBLE z time windows (N=7, pairs=2), retry bez constraints
V3.27.1 OR-Tools INFEASIBLE z time windows (N=8, pairs=3), retry bez constraints
V3.27.1 OR-Tools INFEASIBLE z time windows (N=7, pairs=2), retry bez constraints
V3.27.1 OR-Tools INFEASIBLE z time windows (N=8, pairs=3), retry bez constraints
V3.27.1 OR-Tools INFEASIBLE z time windows (N=8, pairs=3), retry bez constraints
V3.27.1 OR-Tools INFEASIBLE z time windows (N=10, pairs=4), retry bez constraints
V3.27.1 OR-Tools INFEASIBLE z time windows (N=8, pairs=3), retry bez constraints
V3.27.1 OR-Tools INFEASIBLE z time windows (N=10, pairs=4), retry bez constraints
V3.27.1 OR-Tools INFEASIBLE z time windows (N=11, pairs=5), retry bez constraints
V3.27.1 OR-Tools INFEASIBLE z time windows (N=11, pairs=5), retry bez constraints
V3.27.1 OR-Tools INFEASIBLE z time windows (N=11, pairs=5), retry bez constraints
V3.27.1 OR-Tools INFEASIBLE z time windows (N=11, pairs=5), retry bez constraints
V3.27.1 OR-Tools INFEASIBLE z time windows (N=11, pairs=5), retry bez constraints
V3.27.1 OR-Tools INFEASIBLE z time windows (N=11, pairs=5), retry bez constraints
V3.27.1 OR-Tools INFEASIBLE z time windows (N=12, pairs=5), retry bez constraints
V3.27.1 OR-Tools INFEASIBLE z time windows (N=11, pairs=5), retry bez constraints
V3.27.1 OR-Tools INFEASIBLE z time windows (N=10, pairs=4), retry bez constraints
V3.27.1 OR-Tools INFEASIBLE z time windows (N=10, pairs=3), retry bez constraints
V3.27.1 OR-Tools INFEASIBLE z time windows (N=8, pairs=3), retry bez constraints
V3.27.1 OR-Tools INFEASIBLE z time windows (N=9, pairs=3), retry bez constraints
V3.27.1 OR-Tools INFEASIBLE z time windows (N=13, pairs=6), retry bez constraints
V3.27.1 OR-Tools INFEASIBLE z time windows (N=11, pairs=4), retry bez constraints
V3.27.1 OR-Tools INFEASIBLE z time windows (N=11, pairs=4), retry bez constraints
V3.27.1 OR-Tools INFEASIBLE z time windows (N=8, pairs=3), retry bez constraints
V3.27.1 OR-Tools INFEASIBLE z time windows (N=12, pairs=5), retry bez constraints
V3.27.1 OR-Tools INFEASIBLE z time windows (N=10, pairs=4), retry bez constraints
V3.27.1 OR-Tools INFEASIBLE z time windows (N=10, pairs=4), retry bez constraints
V3.27.1 OR-Tools INFEASIBLE z time windows (N=6, pairs=1), retry bez constraints
V3.27.1 OR-Tools INFEASIBLE z time windows (N=9, pairs=3), retry bez constraints
V3.27.1 OR-Tools INFEASIBLE z time windows (N=11, pairs=5), retry bez constraints
V3.27.1 OR-Tools INFEASIBLE z time windows (N=8, pairs=3), retry bez constraints
V3.27.1 OR-Tools INFEASIBLE z time windows (N=9, pairs=4), retry bez constraints
V3.27.1 OR-Tools INFEASIBLE z time windows (N=9, pairs=3), retry bez constraints
V3.27.1 OR-Tools INFEASIBLE z time windows (N=9, pairs=3), retry bez constraints
V3.27.1 OR-Tools INFEASIBLE z time windows (N=8, pairs=3), retry bez constraints
V3.27.1 OR-Tools INFEASIBLE z time windows (N=10, pairs=4), retry bez constraints
V3.27.1 OR-Tools INFEASIBLE z time windows (N=9, pairs=4), retry bez constraints
V3.27.1 OR-Tools INFEASIBLE z time windows (N=7, pairs=2), retry bez constraints
V3.27.1 OR-Tools INFEASIBLE z time windows (N=7, pairs=2), retry bez constraints
V3.27.1 OR-Tools INFEASIBLE z time windows (N=7, pairs=2), retry bez constraints
V3.27.1 OR-Tools INFEASIBLE z time windows (N=10, pairs=4), retry bez constraints
V3.27.1 OR-Tools INFEASIBLE z time windows (N=9, pairs=3), retry bez constraints
V3.27.1 OR-Tools INFEASIBLE z time windows (N=7, pairs=2), retry bez constraints
V3.27.1 OR-Tools INFEASIBLE z time windows (N=7, pairs=2), retry bez constraints
V3.27.1 OR-Tools INFEASIBLE z time windows (N=8, pairs=3), retry bez constraints
V3.27.1 OR-Tools INFEASIBLE z time windows (N=9, pairs=4), retry bez constraints
V3.27.1 OR-Tools INFEASIBLE z time windows (N=8, pairs=3), retry bez constraints
V3.27.1 OR-Tools INFEASIBLE z time windows (N=8, pairs=3), retry bez constraints
V3.27.1 OR-Tools INFEASIBLE z time windows (N=8, pairs=3), retry bez constraints
V3.27.1 OR-Tools INFEASIBLE z time windows (N=9, pairs=4), retry bez constraints
V3.27.1 OR-Tools INFEASIBLE z time windows (N=8, pairs=2), retry bez constraints
V3.27.1 OR-Tools INFEASIBLE z time windows (N=7, pairs=2), retry bez constraints
V3.27.1 OR-Tools INFEASIBLE z time windows (N=11, pairs=4), retry bez constraints
V3.27.1 OR-Tools INFEASIBLE z time windows (N=8, pairs=1), retry bez constraints
V3.27.1 OR-Tools INFEASIBLE z time windows (N=7, pairs=1), retry bez constraints
V3.27.1 OR-Tools INFEASIBLE z time windows (N=6, pairs=1), retry bez constraints
V3.27.1 OR-Tools INFEASIBLE z time windows (N=6, pairs=1), retry bez constraints
V3.27.1 OR-Tools INFEASIBLE z time windows (N=8, pairs=3), retry bez constraints
V3.27.1 OR-Tools INFEASIBLE z time windows (N=8, pairs=3), retry bez constraints
V3.27.1 OR-Tools INFEASIBLE z time windows (N=8, pairs=3), retry bez constraints
V3.27.1 OR-Tools INFEASIBLE z time windows (N=7, pairs=2), retry bez constraints
V3.27.1 OR-Tools INFEASIBLE z time windows (N=9, pairs=3), retry bez constraints
V3.27.1 OR-Tools INFEASIBLE z time windows (N=9, pairs=4), retry bez constraints
V3274_OR_TOOLS_VIOLATION overshoot (E2: plan OR-Tools zostaje, NIE reject) violations=[('481390', 125.36828021666666, 120.0)] solver_status=ROUTING_SUCCESS elapsed=200.91ms
V3.27.1 OR-Tools INFEASIBLE z time windows (N=9, pairs=4), retry bez constraints
V3.27.1 OR-Tools INFEASIBLE z time windows (N=9, pairs=4), retry bez constraints
V3274_OR_TOOLS_VIOLATION overshoot (E2: plan OR-Tools zostaje, NIE reject) violations=[('481390', 125.36828021666666, 120.0)] solver_status=ROUTING_SUCCESS elapsed=201.14ms
V3.27.1 OR-Tools INFEASIBLE z time windows (N=8, pairs=3), retry bez constraints
V3.27.1 OR-Tools INFEASIBLE z time windows (N=9, pairs=4), retry bez constraints
V3.27.1 OR-Tools INFEASIBLE z time windows (N=8, pairs=3), retry bez constraints
V3.27.1 OR-Tools INFEASIBLE z time windows (N=9, pairs=4), retry bez constraints
V3.27.1 OR-Tools INFEASIBLE z time windows (N=9, pairs=4), retry bez constraints
V3.27.1 OR-Tools INFEASIBLE z time windows (N=6, pairs=1), retry bez constraints
V3.27.1 OR-Tools INFEASIBLE z time windows (N=9, pairs=4), retry bez constraints
V3.27.1 OR-Tools INFEASIBLE z time windows (N=11, pairs=5), retry bez constraints
V3.27.1 OR-Tools INFEASIBLE z time windows (N=11, pairs=4), retry bez constraints
V3.27.1 OR-Tools INFEASIBLE z time windows (N=11, pairs=5), retry bez constraints
V328_TSP_SETRANGE_OPEN_OOD stop=9 open=344.8min > max_route_min=120.0min — skip window
V328_TSP_SETRANGE_OPEN_OOD stop=9 open=344.8min > max_route_min=120.0min — skip window
V328_TSP_SETRANGE_OPEN_OOD stop=9 open=344.8min > max_route_min=120.0min — skip window
V3.27.1 OR-Tools INFEASIBLE z time windows (N=11, pairs=5), retry bez constraints
V3.27.1 OR-Tools INFEASIBLE z time windows (N=11, pairs=4), retry bez constraints
V3.27.1 OR-Tools INFEASIBLE z time windows (N=7, pairs=2), retry bez constraints
V3.27.1 OR-Tools INFEASIBLE z time windows (N=9, pairs=3), retry bez constraints
V3.27.1 OR-Tools INFEASIBLE z time windows (N=10, pairs=4), retry bez constraints
V3.27.1 OR-Tools INFEASIBLE z time windows (N=8, pairs=2), retry bez constraints
V3.27.1 OR-Tools INFEASIBLE z time windows (N=10, pairs=4), retry bez constraints
V3.27.1 OR-Tools INFEASIBLE z time windows (N=10, pairs=4), retry bez constraints
V3.27.1 OR-Tools INFEASIBLE z time windows (N=10, pairs=4), retry bez constraints
V3.27.1 OR-Tools INFEASIBLE z time windows (N=7, pairs=2), retry bez constraints
V3.27.1 OR-Tools INFEASIBLE z time windows (N=7, pairs=2), retry bez constraints
V3.27.1 OR-Tools INFEASIBLE z time windows (N=9, pairs=4), retry bez constraints
V3.27.1 OR-Tools INFEASIBLE z time windows (N=7, pairs=2), retry bez constraints
V3.27.1 OR-Tools INFEASIBLE z time windows (N=8, pairs=3), retry bez constraints
V3.27.1 OR-Tools INFEASIBLE z time windows (N=9, pairs=3), retry bez constraints
V3.27.1 OR-Tools INFEASIBLE z time windows (N=8, pairs=3), retry bez constraints
V328_TSP_SETRANGE_OPEN_OOD stop=7 open=136.5min > max_route_min=120.0min — skip window
V328_TSP_SETRANGE_OPEN_OOD stop=7 open=136.5min > max_route_min=120.0min — skip window
V328_TSP_SETRANGE_OPEN_OOD stop=7 open=136.5min > max_route_min=120.0min — skip window
V3.27.1 OR-Tools INFEASIBLE z time windows (N=7, pairs=2), retry bez constraints
V3.27.1 OR-Tools INFEASIBLE z time windows (N=8, pairs=3), retry bez constraints
V3.27.1 OR-Tools INFEASIBLE z time windows (N=10, pairs=4), retry bez constraints
[f4] 1500/1500 n=1475 new_reg=0 changed=125
V3.27.1 OR-Tools INFEASIBLE z time windows (N=7, pairs=2), retry bez constraints
